{"/Users/arisela/git/chores-tracker/frontend/src/api/activities.ts": {"path":"/Users/arisela/git/chores-tracker/frontend/src/api/activities.ts","statementMap":{"0":{"start":{"line":57,"column":29},"end":{"line":63,"column":10}},"1":{"start":{"line":65,"column":29},"end":{"line":106,"column":1}},"2":{"start":{"line":74,"column":25},"end":{"line":74,"column":46}},"3":{"start":{"line":75,"column":4},"end":{"line":75,"column":77}},"4":{"start":{"line":75,"column":23},"end":{"line":75,"column":77}},"5":{"start":{"line":76,"column":4},"end":{"line":76,"column":80}},"6":{"start":{"line":76,"column":24},"end":{"line":76,"column":80}},"7":{"start":{"line":77,"column":4},"end":{"line":77,"column":90}},"8":{"start":{"line":77,"column":31},"end":{"line":77,"column":90}},"9":{"start":{"line":79,"column":21},"end":{"line":79,"column":89}},"10":{"start":{"line":80,"column":4},"end":{"line":80,"column":25}},"11":{"start":{"line":87,"column":21},"end":{"line":87,"column":85}},"12":{"start":{"line":88,"column":4},"end":{"line":88,"column":25}},"13":{"start":{"line":95,"column":21},"end":{"line":95,"column":61}},"14":{"start":{"line":96,"column":4},"end":{"line":96,"column":25}},"15":{"start":{"line":103,"column":21},"end":{"line":103,"column":69}},"16":{"start":{"line":104,"column":4},"end":{"line":104,"column":25}},"17":{"start":{"line":109,"column":31},"end":{"line":124,"column":1}},"18":{"start":{"line":110,"column":2},"end":{"line":123,"column":3}},"19":{"start":{"line":112,"column":6},"end":{"line":112,"column":17}},"20":{"start":{"line":114,"column":6},"end":{"line":114,"column":18}},"21":{"start":{"line":116,"column":6},"end":{"line":116,"column":17}},"22":{"start":{"line":118,"column":6},"end":{"line":118,"column":18}},"23":{"start":{"line":120,"column":6},"end":{"line":120,"column":18}},"24":{"start":{"line":122,"column":6},"end":{"line":122,"column":18}},"25":{"start":{"line":126,"column":32},"end":{"line":141,"column":1}},"26":{"start":{"line":127,"column":2},"end":{"line":140,"column":3}},"27":{"start":{"line":129,"column":6},"end":{"line":129,"column":23}},"28":{"start":{"line":131,"column":6},"end":{"line":131,"column":23}},"29":{"start":{"line":133,"column":6},"end":{"line":133,"column":23}},"30":{"start":{"line":135,"column":6},"end":{"line":135,"column":23}},"31":{"start":{"line":137,"column":6},"end":{"line":137,"column":23}},"32":{"start":{"line":139,"column":6},"end":{"line":139,"column":23}},"33":{"start":{"line":143,"column":34},"end":{"line":165,"column":1}},"34":{"start":{"line":144,"column":14},"end":{"line":144,"column":24}},"35":{"start":{"line":145,"column":23},"end":{"line":145,"column":42}},"36":{"start":{"line":146,"column":24},"end":{"line":146,"column":90}},"37":{"start":{"line":148,"column":2},"end":{"line":164,"column":3}},"38":{"start":{"line":149,"column":4},"end":{"line":149,"column":22}},"39":{"start":{"line":150,"column":9},"end":{"line":164,"column":3}},"40":{"start":{"line":151,"column":4},"end":{"line":151,"column":35}},"41":{"start":{"line":152,"column":9},"end":{"line":164,"column":3}},"42":{"start":{"line":153,"column":18},"end":{"line":153,"column":48}},"43":{"start":{"line":154,"column":4},"end":{"line":154,"column":27}},"44":{"start":{"line":155,"column":9},"end":{"line":164,"column":3}},"45":{"start":{"line":156,"column":17},"end":{"line":156,"column":49}},"46":{"start":{"line":157,"column":4},"end":{"line":157,"column":26}},"47":{"start":{"line":159,"column":4},"end":{"line":163,"column":7}}},"fnMap":{"0":{"name":"(anonymous_0)","decl":{"start":{"line":69,"column":23},"end":{"line":69,"column":24}},"loc":{"start":{"line":73,"column":39},"end":{"line":81,"column":3}},"line":73},"1":{"name":"(anonymous_1)","decl":{"start":{"line":86,"column":22},"end":{"line":86,"column":23}},"loc":{"start":{"line":86,"column":81},"end":{"line":89,"column":3}},"line":86},"2":{"name":"(anonymous_2)","decl":{"start":{"line":94,"column":20},"end":{"line":94,"column":21}},"loc":{"start":{"line":94,"column":64},"end":{"line":97,"column":3}},"line":94},"3":{"name":"(anonymous_3)","decl":{"start":{"line":102,"column":15},"end":{"line":102,"column":16}},"loc":{"start":{"line":102,"column":64},"end":{"line":105,"column":3}},"line":102},"4":{"name":"(anonymous_4)","decl":{"start":{"line":109,"column":31},"end":{"line":109,"column":32}},"loc":{"start":{"line":109,"column":65},"end":{"line":124,"column":1}},"line":109},"5":{"name":"(anonymous_5)","decl":{"start":{"line":126,"column":32},"end":{"line":126,"column":33}},"loc":{"start":{"line":126,"column":66},"end":{"line":141,"column":1}},"line":126},"6":{"name":"(anonymous_6)","decl":{"start":{"line":143,"column":34},"end":{"line":143,"column":35}},"loc":{"start":{"line":143,"column":65},"end":{"line":165,"column":1}},"line":143}},"branchMap":{"0":{"loc":{"start":{"line":75,"column":4},"end":{"line":75,"column":77}},"type":"if","locations":[{"start":{"line":75,"column":4},"end":{"line":75,"column":77}},{"start":{},"end":{}}],"line":75},"1":{"loc":{"start":{"line":76,"column":4},"end":{"line":76,"column":80}},"type":"if","locations":[{"start":{"line":76,"column":4},"end":{"line":76,"column":80}},{"start":{},"end":{}}],"line":76},"2":{"loc":{"start":{"line":77,"column":4},"end":{"line":77,"column":90}},"type":"if","locations":[{"start":{"line":77,"column":4},"end":{"line":77,"column":90}},{"start":{},"end":{}}],"line":77},"3":{"loc":{"start":{"line":86,"column":29},"end":{"line":86,"column":42}},"type":"default-arg","locations":[{"start":{"line":86,"column":40},"end":{"line":86,"column":42}}],"line":86},"4":{"loc":{"start":{"line":110,"column":2},"end":{"line":123,"column":3}},"type":"switch","locations":[{"start":{"line":111,"column":4},"end":{"line":112,"column":17}},{"start":{"line":113,"column":4},"end":{"line":114,"column":18}},{"start":{"line":115,"column":4},"end":{"line":116,"column":17}},{"start":{"line":117,"column":4},"end":{"line":118,"column":18}},{"start":{"line":119,"column":4},"end":{"line":120,"column":18}},{"start":{"line":121,"column":4},"end":{"line":122,"column":18}}],"line":110},"5":{"loc":{"start":{"line":127,"column":2},"end":{"line":140,"column":3}},"type":"switch","locations":[{"start":{"line":128,"column":4},"end":{"line":129,"column":23}},{"start":{"line":130,"column":4},"end":{"line":131,"column":23}},{"start":{"line":132,"column":4},"end":{"line":133,"column":23}},{"start":{"line":134,"column":4},"end":{"line":135,"column":23}},{"start":{"line":136,"column":4},"end":{"line":137,"column":23}},{"start":{"line":138,"column":4},"end":{"line":139,"column":23}}],"line":127},"6":{"loc":{"start":{"line":148,"column":2},"end":{"line":164,"column":3}},"type":"if","locations":[{"start":{"line":148,"column":2},"end":{"line":164,"column":3}},{"start":{"line":150,"column":9},"end":{"line":164,"column":3}}],"line":148},"7":{"loc":{"start":{"line":150,"column":9},"end":{"line":164,"column":3}},"type":"if","locations":[{"start":{"line":150,"column":9},"end":{"line":164,"column":3}},{"start":{"line":152,"column":9},"end":{"line":164,"column":3}}],"line":150},"8":{"loc":{"start":{"line":152,"column":9},"end":{"line":164,"column":3}},"type":"if","locations":[{"start":{"line":152,"column":9},"end":{"line":164,"column":3}},{"start":{"line":155,"column":9},"end":{"line":164,"column":3}}],"line":152},"9":{"loc":{"start":{"line":155,"column":9},"end":{"line":164,"column":3}},"type":"if","locations":[{"start":{"line":155,"column":9},"end":{"line":164,"column":3}},{"start":{"line":158,"column":9},"end":{"line":164,"column":3}}],"line":155},"10":{"loc":{"start":{"line":162,"column":12},"end":{"line":162,"column":84}},"type":"cond-expr","locations":[{"start":{"line":162,"column":63},"end":{"line":162,"column":72}},{"start":{"line":162,"column":75},"end":{"line":162,"column":84}}],"line":162}},"s":{"0":1,"1":1,"2":0,"3":0,"4":0,"5":0,"6":0,"7":0,"8":0,"9":0,"10":0,"11":0,"12":0,"13":0,"14":0,"15":0,"16":0,"17":1,"18":30,"19":20,"20":2,"21":1,"22":2,"23":4,"24":1,"25":1,"26":30,"27":20,"28":2,"29":1,"30":2,"31":4,"32":1,"33":1,"34":30,"35":30,"36":30,"37":30,"38":26,"39":4,"40":1,"41":3,"42":1,"43":1,"44":2,"45":1,"46":1,"47":1},"f":{"0":0,"1":0,"2":0,"3":0,"4":30,"5":30,"6":30},"b":{"0":[0,0],"1":[0,0],"2":[0,0],"3":[0],"4":[20,2,1,2,4,1],"5":[20,2,1,2,4,1],"6":[26,4],"7":[1,3],"8":[1,2],"9":[1,1],"10":[1,0]},"_coverageSchema":"1a1c01bbd47fc00a2c39e90264f33305004495a9","hash":"ad175ae193c14b7393bc78724c17d3ae6a7b9074"}
,"/Users/arisela/git/chores-tracker/frontend/src/api/adjustments.ts": {"path":"/Users/arisela/git/chores-tracker/frontend/src/api/adjustments.ts","statementMap":{"0":{"start":{"line":24,"column":29},"end":{"line":63,"column":1}},"1":{"start":{"line":27,"column":4},"end":{"line":33,"column":5}},"2":{"start":{"line":28,"column":23},"end":{"line":28,"column":76}},"3":{"start":{"line":29,"column":6},"end":{"line":29,"column":27}},"4":{"start":{"line":31,"column":6},"end":{"line":31,"column":59}},"5":{"start":{"line":32,"column":6},"end":{"line":32,"column":18}},"6":{"start":{"line":42,"column":4},"end":{"line":50,"column":5}},"7":{"start":{"line":43,"column":23},"end":{"line":45,"column":8}},"8":{"start":{"line":46,"column":6},"end":{"line":46,"column":27}},"9":{"start":{"line":48,"column":6},"end":{"line":48,"column":65}},"10":{"start":{"line":49,"column":6},"end":{"line":49,"column":18}},"11":{"start":{"line":55,"column":4},"end":{"line":61,"column":5}},"12":{"start":{"line":56,"column":23},"end":{"line":56,"column":75}},"13":{"start":{"line":57,"column":6},"end":{"line":57,"column":27}},"14":{"start":{"line":59,"column":6},"end":{"line":59,"column":64}},"15":{"start":{"line":60,"column":6},"end":{"line":60,"column":18}}},"fnMap":{"0":{"name":"(anonymous_0)","decl":{"start":{"line":26,"column":20},"end":{"line":26,"column":21}},"loc":{"start":{"line":26,"column":85},"end":{"line":34,"column":3}},"line":26},"1":{"name":"(anonymous_1)","decl":{"start":{"line":37,"column":23},"end":{"line":37,"column":24}},"loc":{"start":{"line":41,"column":30},"end":{"line":51,"column":3}},"line":41},"2":{"name":"(anonymous_2)","decl":{"start":{"line":54,"column":27},"end":{"line":54,"column":28}},"loc":{"start":{"line":54,"column":80},"end":{"line":62,"column":3}},"line":54}},"branchMap":{"0":{"loc":{"start":{"line":39,"column":4},"end":{"line":39,"column":20}},"type":"default-arg","locations":[{"start":{"line":39,"column":19},"end":{"line":39,"column":20}}],"line":39},"1":{"loc":{"start":{"line":40,"column":4},"end":{"line":40,"column":23}},"type":"default-arg","locations":[{"start":{"line":40,"column":20},"end":{"line":40,"column":23}}],"line":40}},"s":{"0":0,"1":0,"2":0,"3":0,"4":0,"5":0,"6":0,"7":0,"8":0,"9":0,"10":0,"11":0,"12":0,"13":0,"14":0,"15":0},"f":{"0":0,"1":0,"2":0},"b":{"0":[0],"1":[0]}}
,"/Users/arisela/git/chores-tracker/frontend/src/api/balance.ts": {"path":"/Users/arisela/git/chores-tracker/frontend/src/api/balance.ts","statementMap":{"0":{"start":{"line":11,"column":26},"end":{"line":22,"column":1}},"1":{"start":{"line":14,"column":4},"end":{"line":20,"column":5}},"2":{"start":{"line":15,"column":23},"end":{"line":15,"column":63}},"3":{"start":{"line":16,"column":6},"end":{"line":16,"column":27}},"4":{"start":{"line":18,"column":6},"end":{"line":18,"column":55}},"5":{"start":{"line":19,"column":6},"end":{"line":19,"column":18}}},"fnMap":{"0":{"name":"(anonymous_0)","decl":{"start":{"line":13,"column":16},"end":{"line":13,"column":17}},"loc":{"start":{"line":13,"column":50},"end":{"line":21,"column":3}},"line":13}},"branchMap":{},"s":{"0":1,"1":23,"2":23,"3":22,"4":1,"5":1},"f":{"0":23},"b":{},"_coverageSchema":"1a1c01bbd47fc00a2c39e90264f33305004495a9","hash":"4e435d627f3f462663b5c2b3c0ca31601af5e8a9"}
,"/Users/arisela/git/chores-tracker/frontend/src/api/chores.ts": {"path":"/Users/arisela/git/chores-tracker/frontend/src/api/chores.ts","statementMap":{"0":{"start":{"line":33,"column":24},"end":{"line":209,"column":1}},"1":{"start":{"line":36,"column":4},"end":{"line":46,"column":5}},"2":{"start":{"line":37,"column":26},"end":{"line":37,"column":28}},"3":{"start":{"line":38,"column":6},"end":{"line":40,"column":7}},"4":{"start":{"line":39,"column":8},"end":{"line":39,"column":31}},"5":{"start":{"line":41,"column":23},"end":{"line":41,"column":65}},"6":{"start":{"line":42,"column":6},"end":{"line":42,"column":27}},"7":{"start":{"line":44,"column":6},"end":{"line":44,"column":54}},"8":{"start":{"line":45,"column":6},"end":{"line":45,"column":18}},"9":{"start":{"line":51,"column":4},"end":{"line":57,"column":5}},"10":{"start":{"line":52,"column":23},"end":{"line":52,"column":63}},"11":{"start":{"line":53,"column":6},"end":{"line":53,"column":27}},"12":{"start":{"line":55,"column":6},"end":{"line":55,"column":64}},"13":{"start":{"line":56,"column":6},"end":{"line":56,"column":18}},"14":{"start":{"line":62,"column":4},"end":{"line":68,"column":5}},"15":{"start":{"line":63,"column":23},"end":{"line":63,"column":74}},"16":{"start":{"line":64,"column":6},"end":{"line":64,"column":27}},"17":{"start":{"line":66,"column":6},"end":{"line":66,"column":56}},"18":{"start":{"line":67,"column":6},"end":{"line":67,"column":18}},"19":{"start":{"line":73,"column":4},"end":{"line":79,"column":5}},"20":{"start":{"line":74,"column":23},"end":{"line":74,"column":70}},"21":{"start":{"line":75,"column":6},"end":{"line":75,"column":27}},"22":{"start":{"line":77,"column":6},"end":{"line":77,"column":71}},"23":{"start":{"line":78,"column":6},"end":{"line":78,"column":18}},"24":{"start":{"line":84,"column":4},"end":{"line":94,"column":5}},"25":{"start":{"line":85,"column":24},"end":{"line":85,"column":26}},"26":{"start":{"line":86,"column":6},"end":{"line":88,"column":7}},"27":{"start":{"line":87,"column":8},"end":{"line":87,"column":40}},"28":{"start":{"line":89,"column":23},"end":{"line":89,"column":79}},"29":{"start":{"line":90,"column":6},"end":{"line":90,"column":27}},"30":{"start":{"line":92,"column":6},"end":{"line":92,"column":55}},"31":{"start":{"line":93,"column":6},"end":{"line":93,"column":18}},"32":{"start":{"line":98,"column":4},"end":{"line":107,"column":5}},"33":{"start":{"line":99,"column":19},"end":{"line":101,"column":7}},"34":{"start":{"line":102,"column":23},"end":{"line":102,"column":78}},"35":{"start":{"line":103,"column":6},"end":{"line":103,"column":27}},"36":{"start":{"line":105,"column":6},"end":{"line":105,"column":54}},"37":{"start":{"line":106,"column":6},"end":{"line":106,"column":18}},"38":{"start":{"line":112,"column":4},"end":{"line":118,"column":5}},"39":{"start":{"line":113,"column":23},"end":{"line":113,"column":70}},"40":{"start":{"line":114,"column":6},"end":{"line":114,"column":27}},"41":{"start":{"line":116,"column":6},"end":{"line":116,"column":60}},"42":{"start":{"line":117,"column":6},"end":{"line":117,"column":18}},"43":{"start":{"line":123,"column":4},"end":{"line":129,"column":5}},"44":{"start":{"line":124,"column":23},"end":{"line":124,"column":80}},"45":{"start":{"line":125,"column":6},"end":{"line":125,"column":27}},"46":{"start":{"line":127,"column":6},"end":{"line":127,"column":70}},"47":{"start":{"line":128,"column":6},"end":{"line":128,"column":18}},"48":{"start":{"line":144,"column":4},"end":{"line":151,"column":5}},"49":{"start":{"line":146,"column":23},"end":{"line":146,"column":66}},"50":{"start":{"line":147,"column":6},"end":{"line":147,"column":27}},"51":{"start":{"line":149,"column":6},"end":{"line":149,"column":54}},"52":{"start":{"line":150,"column":6},"end":{"line":150,"column":18}},"53":{"start":{"line":167,"column":4},"end":{"line":174,"column":5}},"54":{"start":{"line":169,"column":23},"end":{"line":169,"column":75}},"55":{"start":{"line":170,"column":6},"end":{"line":170,"column":27}},"56":{"start":{"line":172,"column":6},"end":{"line":172,"column":54}},"57":{"start":{"line":173,"column":6},"end":{"line":173,"column":18}},"58":{"start":{"line":179,"column":4},"end":{"line":185,"column":5}},"59":{"start":{"line":180,"column":23},"end":{"line":180,"column":73}},"60":{"start":{"line":181,"column":6},"end":{"line":181,"column":27}},"61":{"start":{"line":183,"column":6},"end":{"line":183,"column":55}},"62":{"start":{"line":184,"column":6},"end":{"line":184,"column":18}},"63":{"start":{"line":190,"column":4},"end":{"line":196,"column":5}},"64":{"start":{"line":191,"column":23},"end":{"line":191,"column":72}},"65":{"start":{"line":192,"column":6},"end":{"line":192,"column":27}},"66":{"start":{"line":194,"column":6},"end":{"line":194,"column":54}},"67":{"start":{"line":195,"column":6},"end":{"line":195,"column":18}},"68":{"start":{"line":201,"column":4},"end":{"line":206,"column":5}},"69":{"start":{"line":202,"column":6},"end":{"line":202,"column":51}},"70":{"start":{"line":204,"column":6},"end":{"line":204,"column":54}},"71":{"start":{"line":205,"column":6},"end":{"line":205,"column":18}}},"fnMap":{"0":{"name":"(anonymous_0)","decl":{"start":{"line":35,"column":15},"end":{"line":35,"column":16}},"loc":{"start":{"line":35,"column":65},"end":{"line":47,"column":3}},"line":35},"1":{"name":"(anonymous_1)","decl":{"start":{"line":50,"column":22},"end":{"line":50,"column":23}},"loc":{"start":{"line":50,"column":52},"end":{"line":58,"column":3}},"line":50},"2":{"name":"(anonymous_2)","decl":{"start":{"line":61,"column":17},"end":{"line":61,"column":18}},"loc":{"start":{"line":61,"column":60},"end":{"line":69,"column":3}},"line":61},"3":{"name":"(anonymous_3)","decl":{"start":{"line":72,"column":28},"end":{"line":72,"column":29}},"loc":{"start":{"line":72,"column":58},"end":{"line":80,"column":3}},"line":72},"4":{"name":"(anonymous_4)","decl":{"start":{"line":83,"column":16},"end":{"line":83,"column":17}},"loc":{"start":{"line":83,"column":81},"end":{"line":95,"column":3}},"line":83},"5":{"name":"(anonymous_5)","decl":{"start":{"line":97,"column":15},"end":{"line":97,"column":16}},"loc":{"start":{"line":97,"column":83},"end":{"line":108,"column":3}},"line":97},"6":{"name":"(anonymous_6)","decl":{"start":{"line":111,"column":18},"end":{"line":111,"column":19}},"loc":{"start":{"line":111,"column":63},"end":{"line":119,"column":3}},"line":111},"7":{"name":"(anonymous_7)","decl":{"start":{"line":122,"column":27},"end":{"line":122,"column":28}},"loc":{"start":{"line":122,"column":72},"end":{"line":130,"column":3}},"line":122},"8":{"name":"(anonymous_8)","decl":{"start":{"line":133,"column":15},"end":{"line":133,"column":16}},"loc":{"start":{"line":143,"column":24},"end":{"line":152,"column":3}},"line":143},"9":{"name":"(anonymous_9)","decl":{"start":{"line":155,"column":15},"end":{"line":155,"column":16}},"loc":{"start":{"line":166,"column":24},"end":{"line":175,"column":3}},"line":166},"10":{"name":"(anonymous_10)","decl":{"start":{"line":178,"column":16},"end":{"line":178,"column":17}},"loc":{"start":{"line":178,"column":59},"end":{"line":186,"column":3}},"line":178},"11":{"name":"(anonymous_11)","decl":{"start":{"line":189,"column":15},"end":{"line":189,"column":16}},"loc":{"start":{"line":189,"column":58},"end":{"line":197,"column":3}},"line":189},"12":{"name":"(anonymous_12)","decl":{"start":{"line":200,"column":15},"end":{"line":200,"column":16}},"loc":{"start":{"line":200,"column":57},"end":{"line":207,"column":3}},"line":200}},"branchMap":{"0":{"loc":{"start":{"line":38,"column":6},"end":{"line":40,"column":7}},"type":"if","locations":[{"start":{"line":38,"column":6},"end":{"line":40,"column":7}},{"start":{},"end":{}}],"line":38},"1":{"loc":{"start":{"line":86,"column":6},"end":{"line":88,"column":7}},"type":"if","locations":[{"start":{"line":86,"column":6},"end":{"line":88,"column":7}},{"start":{},"end":{}}],"line":86}},"s":{"0":1,"1":12,"2":12,"3":12,"4":6,"5":12,"6":9,"7":3,"8":3,"9":3,"10":3,"11":2,"12":1,"13":1,"14":3,"15":3,"16":1,"17":2,"18":2,"19":3,"20":3,"21":2,"22":1,"23":1,"24":4,"25":4,"26":4,"27":2,"28":4,"29":3,"30":1,"31":1,"32":3,"33":3,"34":3,"35":2,"36":1,"37":1,"38":4,"39":4,"40":3,"41":1,"42":1,"43":3,"44":3,"45":3,"46":0,"47":0,"48":6,"49":6,"50":4,"51":2,"52":2,"53":5,"54":5,"55":4,"56":1,"57":1,"58":2,"59":2,"60":1,"61":1,"62":1,"63":2,"64":2,"65":1,"66":1,"67":1,"68":3,"69":3,"70":2,"71":2},"f":{"0":12,"1":3,"2":3,"3":3,"4":4,"5":3,"6":4,"7":3,"8":6,"9":5,"10":2,"11":2,"12":3},"b":{"0":[6,6],"1":[2,2]},"_coverageSchema":"1a1c01bbd47fc00a2c39e90264f33305004495a9","hash":"bcdec669f8f34451e6f869d221bbb1cb4c652f49"}
,"/Users/arisela/git/chores-tracker/frontend/src/api/client.ts": {"path":"/Users/arisela/git/chores-tracker/frontend/src/api/client.ts","statementMap":{"0":{"start":{"line":6,"column":16},"end":{"line":6,"column":46}},"1":{"start":{"line":7,"column":18},"end":{"line":7,"column":41}},"2":{"start":{"line":10,"column":33},"end":{"line":16,"column":2}},"3":{"start":{"line":19,"column":0},"end":{"line":34,"column":2}},"4":{"start":{"line":21,"column":4},"end":{"line":28,"column":5}},"5":{"start":{"line":22,"column":20},"end":{"line":22,"column":57}},"6":{"start":{"line":23,"column":6},"end":{"line":25,"column":7}},"7":{"start":{"line":24,"column":8},"end":{"line":24,"column":57}},"8":{"start":{"line":27,"column":6},"end":{"line":27,"column":54}},"9":{"start":{"line":29,"column":4},"end":{"line":29,"column":18}},"10":{"start":{"line":32,"column":4},"end":{"line":32,"column":33}},"11":{"start":{"line":37,"column":0},"end":{"line":47,"column":2}},"12":{"start":{"line":38,"column":16},"end":{"line":38,"column":24}},"13":{"start":{"line":40,"column":4},"end":{"line":44,"column":5}},"14":{"start":{"line":42,"column":6},"end":{"line":42,"column":47}},"15":{"start":{"line":45,"column":4},"end":{"line":45,"column":33}},"16":{"start":{"line":50,"column":23},"end":{"line":120,"column":1}},"17":{"start":{"line":53,"column":21},"end":{"line":53,"column":42}},"18":{"start":{"line":54,"column":4},"end":{"line":54,"column":42}},"19":{"start":{"line":55,"column":4},"end":{"line":55,"column":42}},"20":{"start":{"line":57,"column":4},"end":{"line":57,"column":71}},"21":{"start":{"line":58,"column":4},"end":{"line":58,"column":63}},"22":{"start":{"line":60,"column":4},"end":{"line":95,"column":5}},"23":{"start":{"line":61,"column":23},"end":{"line":65,"column":8}},"24":{"start":{"line":67,"column":6},"end":{"line":67,"column":73}},"25":{"start":{"line":68,"column":6},"end":{"line":68,"column":69}},"26":{"start":{"line":71,"column":6},"end":{"line":86,"column":7}},"27":{"start":{"line":72,"column":8},"end":{"line":72,"column":49}},"28":{"start":{"line":73,"column":8},"end":{"line":73,"column":74}},"29":{"start":{"line":76,"column":8},"end":{"line":76,"column":54}},"30":{"start":{"line":77,"column":29},"end":{"line":77,"column":61}},"31":{"start":{"line":78,"column":8},"end":{"line":78,"column":65}},"32":{"start":{"line":81,"column":8},"end":{"line":85,"column":10}},"33":{"start":{"line":88,"column":6},"end":{"line":88,"column":27}},"34":{"start":{"line":90,"column":6},"end":{"line":90,"column":64}},"35":{"start":{"line":91,"column":6},"end":{"line":93,"column":7}},"36":{"start":{"line":92,"column":8},"end":{"line":92,"column":74}},"37":{"start":{"line":94,"column":6},"end":{"line":94,"column":18}},"38":{"start":{"line":99,"column":4},"end":{"line":105,"column":5}},"39":{"start":{"line":100,"column":23},"end":{"line":100,"column":55}},"40":{"start":{"line":101,"column":6},"end":{"line":101,"column":27}},"41":{"start":{"line":103,"column":6},"end":{"line":103,"column":58}},"42":{"start":{"line":104,"column":6},"end":{"line":104,"column":18}},"43":{"start":{"line":109,"column":4},"end":{"line":109,"column":45}},"44":{"start":{"line":113,"column":4},"end":{"line":113,"column":49}},"45":{"start":{"line":117,"column":18},"end":{"line":117,"column":55}},"46":{"start":{"line":118,"column":4},"end":{"line":118,"column":19}}},"fnMap":{"0":{"name":"(anonymous_0)","decl":{"start":{"line":20,"column":2},"end":{"line":20,"column":3}},"loc":{"start":{"line":20,"column":48},"end":{"line":30,"column":3}},"line":20},"1":{"name":"(anonymous_1)","decl":{"start":{"line":31,"column":2},"end":{"line":31,"column":3}},"loc":{"start":{"line":31,"column":25},"end":{"line":33,"column":3}},"line":31},"2":{"name":"(anonymous_2)","decl":{"start":{"line":38,"column":2},"end":{"line":38,"column":3}},"loc":{"start":{"line":38,"column":16},"end":{"line":38,"column":24}},"line":38},"3":{"name":"(anonymous_3)","decl":{"start":{"line":39,"column":2},"end":{"line":39,"column":3}},"loc":{"start":{"line":39,"column":31},"end":{"line":46,"column":3}},"line":39},"4":{"name":"(anonymous_4)","decl":{"start":{"line":51,"column":9},"end":{"line":51,"column":10}},"loc":{"start":{"line":51,"column":55},"end":{"line":96,"column":3}},"line":51},"5":{"name":"(anonymous_5)","decl":{"start":{"line":98,"column":18},"end":{"line":98,"column":19}},"loc":{"start":{"line":98,"column":30},"end":{"line":106,"column":3}},"line":98},"6":{"name":"(anonymous_6)","decl":{"start":{"line":108,"column":10},"end":{"line":108,"column":11}},"loc":{"start":{"line":108,"column":22},"end":{"line":110,"column":3}},"line":108},"7":{"name":"(anonymous_7)","decl":{"start":{"line":112,"column":12},"end":{"line":112,"column":13}},"loc":{"start":{"line":112,"column":24},"end":{"line":114,"column":3}},"line":112},"8":{"name":"(anonymous_8)","decl":{"start":{"line":116,"column":19},"end":{"line":116,"column":20}},"loc":{"start":{"line":116,"column":31},"end":{"line":119,"column":3}},"line":116}},"branchMap":{"0":{"loc":{"start":{"line":23,"column":6},"end":{"line":25,"column":7}},"type":"if","locations":[{"start":{"line":23,"column":6},"end":{"line":25,"column":7}},{"start":{},"end":{}}],"line":23},"1":{"loc":{"start":{"line":23,"column":10},"end":{"line":23,"column":33}},"type":"binary-expr","locations":[{"start":{"line":23,"column":10},"end":{"line":23,"column":15}},{"start":{"line":23,"column":19},"end":{"line":23,"column":33}}],"line":23},"2":{"loc":{"start":{"line":40,"column":4},"end":{"line":44,"column":5}},"type":"if","locations":[{"start":{"line":40,"column":4},"end":{"line":44,"column":5}},{"start":{},"end":{}}],"line":40},"3":{"loc":{"start":{"line":71,"column":6},"end":{"line":86,"column":7}},"type":"if","locations":[{"start":{"line":71,"column":6},"end":{"line":86,"column":7}},{"start":{},"end":{}}],"line":71},"4":{"loc":{"start":{"line":91,"column":6},"end":{"line":93,"column":7}},"type":"if","locations":[{"start":{"line":91,"column":6},"end":{"line":93,"column":7}},{"start":{},"end":{}}],"line":91}},"s":{"0":4,"1":4,"2":4,"3":4,"4":0,"5":0,"6":0,"7":0,"8":0,"9":0,"10":0,"11":4,"12":0,"13":0,"14":0,"15":0,"16":4,"17":7,"18":7,"19":7,"20":7,"21":7,"22":7,"23":7,"24":6,"25":6,"26":6,"27":5,"28":5,"29":5,"30":5,"31":4,"32":4,"33":1,"34":2,"35":2,"36":1,"37":2,"38":4,"39":4,"40":1,"41":3,"42":3,"43":1,"44":3,"45":3,"46":3},"f":{"0":0,"1":0,"2":0,"3":0,"4":7,"5":4,"6":1,"7":3,"8":3},"b":{"0":[0,0],"1":[0,0],"2":[0,0],"3":[5,1],"4":[1,1]},"_coverageSchema":"1a1c01bbd47fc00a2c39e90264f33305004495a9","hash":"fdb7e3d02b5f194e1900d81003ba95c801aad1c4"}
,"/Users/arisela/git/chores-tracker/frontend/src/api/reports.ts": {"path":"/Users/arisela/git/chores-tracker/frontend/src/api/reports.ts","statementMap":{"0":{"start":{"line":48,"column":26},"end":{"line":104,"column":1}},"1":{"start":{"line":57,"column":25},"end":{"line":57,"column":46}},"2":{"start":{"line":58,"column":4},"end":{"line":58,"column":78}},"3":{"start":{"line":58,"column":27},"end":{"line":58,"column":78}},"4":{"start":{"line":59,"column":4},"end":{"line":59,"column":72}},"5":{"start":{"line":59,"column":25},"end":{"line":59,"column":72}},"6":{"start":{"line":60,"column":4},"end":{"line":60,"column":86}},"7":{"start":{"line":60,"column":26},"end":{"line":60,"column":86}},"8":{"start":{"line":62,"column":21},"end":{"line":62,"column":97}},"9":{"start":{"line":63,"column":4},"end":{"line":63,"column":25}},"10":{"start":{"line":75,"column":25},"end":{"line":75,"column":46}},"11":{"start":{"line":76,"column":4},"end":{"line":76,"column":69}},"12":{"start":{"line":76,"column":24},"end":{"line":76,"column":69}},"13":{"start":{"line":77,"column":4},"end":{"line":77,"column":78}},"14":{"start":{"line":77,"column":27},"end":{"line":77,"column":78}},"15":{"start":{"line":78,"column":4},"end":{"line":78,"column":72}},"16":{"start":{"line":78,"column":25},"end":{"line":78,"column":72}},"17":{"start":{"line":79,"column":4},"end":{"line":79,"column":86}},"18":{"start":{"line":79,"column":26},"end":{"line":79,"column":86}},"19":{"start":{"line":81,"column":21},"end":{"line":81,"column":104}},"20":{"start":{"line":82,"column":4},"end":{"line":82,"column":25}},"21":{"start":{"line":96,"column":25},"end":{"line":96,"column":46}},"22":{"start":{"line":97,"column":4},"end":{"line":97,"column":78}},"23":{"start":{"line":97,"column":27},"end":{"line":97,"column":78}},"24":{"start":{"line":98,"column":4},"end":{"line":98,"column":72}},"25":{"start":{"line":98,"column":25},"end":{"line":98,"column":72}},"26":{"start":{"line":99,"column":4},"end":{"line":99,"column":77}},"27":{"start":{"line":99,"column":23},"end":{"line":99,"column":77}},"28":{"start":{"line":101,"column":21},"end":{"line":101,"column":105}},"29":{"start":{"line":102,"column":4},"end":{"line":102,"column":25}},"30":{"start":{"line":107,"column":30},"end":{"line":113,"column":1}},"31":{"start":{"line":108,"column":2},"end":{"line":112,"column":20}},"32":{"start":{"line":115,"column":26},"end":{"line":122,"column":1}},"33":{"start":{"line":116,"column":15},"end":{"line":116,"column":35}},"34":{"start":{"line":117,"column":2},"end":{"line":121,"column":5}},"35":{"start":{"line":124,"column":30},"end":{"line":133,"column":1}},"36":{"start":{"line":125,"column":15},"end":{"line":125,"column":35}},"37":{"start":{"line":126,"column":2},"end":{"line":132,"column":5}}},"fnMap":{"0":{"name":"(anonymous_0)","decl":{"start":{"line":52,"column":23},"end":{"line":52,"column":24}},"loc":{"start":{"line":56,"column":43},"end":{"line":64,"column":3}},"line":56},"1":{"name":"(anonymous_1)","decl":{"start":{"line":69,"column":26},"end":{"line":69,"column":27}},"loc":{"start":{"line":74,"column":33},"end":{"line":83,"column":3}},"line":74},"2":{"name":"(anonymous_2)","decl":{"start":{"line":88,"column":20},"end":{"line":88,"column":21}},"loc":{"start":{"line":95,"column":37},"end":{"line":103,"column":3}},"line":95},"3":{"name":"(anonymous_3)","decl":{"start":{"line":107,"column":30},"end":{"line":107,"column":31}},"loc":{"start":{"line":107,"column":58},"end":{"line":113,"column":1}},"line":107},"4":{"name":"(anonymous_4)","decl":{"start":{"line":115,"column":26},"end":{"line":115,"column":27}},"loc":{"start":{"line":115,"column":58},"end":{"line":122,"column":1}},"line":115},"5":{"name":"(anonymous_5)","decl":{"start":{"line":124,"column":30},"end":{"line":124,"column":31}},"loc":{"start":{"line":124,"column":62},"end":{"line":133,"column":1}},"line":124}},"branchMap":{"0":{"loc":{"start":{"line":58,"column":4},"end":{"line":58,"column":78}},"type":"if","locations":[{"start":{"line":58,"column":4},"end":{"line":58,"column":78}},{"start":{},"end":{}}],"line":58},"1":{"loc":{"start":{"line":59,"column":4},"end":{"line":59,"column":72}},"type":"if","locations":[{"start":{"line":59,"column":4},"end":{"line":59,"column":72}},{"start":{},"end":{}}],"line":59},"2":{"loc":{"start":{"line":60,"column":4},"end":{"line":60,"column":86}},"type":"if","locations":[{"start":{"line":60,"column":4},"end":{"line":60,"column":86}},{"start":{},"end":{}}],"line":60},"3":{"loc":{"start":{"line":76,"column":4},"end":{"line":76,"column":69}},"type":"if","locations":[{"start":{"line":76,"column":4},"end":{"line":76,"column":69}},{"start":{},"end":{}}],"line":76},"4":{"loc":{"start":{"line":77,"column":4},"end":{"line":77,"column":78}},"type":"if","locations":[{"start":{"line":77,"column":4},"end":{"line":77,"column":78}},{"start":{},"end":{}}],"line":77},"5":{"loc":{"start":{"line":78,"column":4},"end":{"line":78,"column":72}},"type":"if","locations":[{"start":{"line":78,"column":4},"end":{"line":78,"column":72}},{"start":{},"end":{}}],"line":78},"6":{"loc":{"start":{"line":79,"column":4},"end":{"line":79,"column":86}},"type":"if","locations":[{"start":{"line":79,"column":4},"end":{"line":79,"column":86}},{"start":{},"end":{}}],"line":79},"7":{"loc":{"start":{"line":97,"column":4},"end":{"line":97,"column":78}},"type":"if","locations":[{"start":{"line":97,"column":4},"end":{"line":97,"column":78}},{"start":{},"end":{}}],"line":97},"8":{"loc":{"start":{"line":98,"column":4},"end":{"line":98,"column":72}},"type":"if","locations":[{"start":{"line":98,"column":4},"end":{"line":98,"column":72}},{"start":{},"end":{}}],"line":98},"9":{"loc":{"start":{"line":99,"column":4},"end":{"line":99,"column":77}},"type":"if","locations":[{"start":{"line":99,"column":4},"end":{"line":99,"column":77}},{"start":{},"end":{}}],"line":99}},"s":{"0":0,"1":0,"2":0,"3":0,"4":0,"5":0,"6":0,"7":0,"8":0,"9":0,"10":0,"11":0,"12":0,"13":0,"14":0,"15":0,"16":0,"17":0,"18":0,"19":0,"20":0,"21":0,"22":0,"23":0,"24":0,"25":0,"26":0,"27":0,"28":0,"29":0,"30":0,"31":0,"32":0,"33":0,"34":0,"35":0,"36":0,"37":0},"f":{"0":0,"1":0,"2":0,"3":0,"4":0,"5":0},"b":{"0":[0,0],"1":[0,0],"2":[0,0],"3":[0,0],"4":[0,0],"5":[0,0],"6":[0,0],"7":[0,0],"8":[0,0],"9":[0,0]}}
,"/Users/arisela/git/chores-tracker/frontend/src/api/statistics.ts": {"path":"/Users/arisela/git/chores-tracker/frontend/src/api/statistics.ts","statementMap":{"0":{"start":{"line":70,"column":29},"end":{"line":115,"column":1}},"1":{"start":{"line":78,"column":25},"end":{"line":78,"column":46}},"2":{"start":{"line":79,"column":4},"end":{"line":79,"column":92}},"3":{"start":{"line":79,"column":28},"end":{"line":79,"column":92}},"4":{"start":{"line":80,"column":4},"end":{"line":80,"column":86}},"5":{"start":{"line":80,"column":26},"end":{"line":80,"column":86}},"6":{"start":{"line":82,"column":21},"end":{"line":82,"column":97}},"7":{"start":{"line":83,"column":4},"end":{"line":83,"column":25}},"8":{"start":{"line":93,"column":25},"end":{"line":93,"column":46}},"9":{"start":{"line":94,"column":4},"end":{"line":94,"column":95}},"10":{"start":{"line":94,"column":29},"end":{"line":94,"column":95}},"11":{"start":{"line":95,"column":4},"end":{"line":95,"column":86}},"12":{"start":{"line":95,"column":26},"end":{"line":95,"column":86}},"13":{"start":{"line":97,"column":21},"end":{"line":97,"column":98}},"14":{"start":{"line":98,"column":4},"end":{"line":98,"column":25}},"15":{"start":{"line":118,"column":30},"end":{"line":124,"column":1}},"16":{"start":{"line":119,"column":2},"end":{"line":123,"column":20}},"17":{"start":{"line":126,"column":32},"end":{"line":128,"column":1}},"18":{"start":{"line":127,"column":2},"end":{"line":127,"column":56}},"19":{"start":{"line":130,"column":31},"end":{"line":142,"column":1}},"20":{"start":{"line":131,"column":16},"end":{"line":131,"column":35}},"21":{"start":{"line":132,"column":14},"end":{"line":132,"column":31}},"22":{"start":{"line":134,"column":21},"end":{"line":134,"column":74}},"23":{"start":{"line":135,"column":19},"end":{"line":135,"column":70}},"24":{"start":{"line":137,"column":2},"end":{"line":139,"column":3}},"25":{"start":{"line":138,"column":4},"end":{"line":138,"column":63}},"26":{"start":{"line":141,"column":2},"end":{"line":141,"column":75}},"27":{"start":{"line":144,"column":28},"end":{"line":151,"column":1}},"28":{"start":{"line":145,"column":2},"end":{"line":150,"column":3}},"29":{"start":{"line":146,"column":23},"end":{"line":146,"column":35}},"30":{"start":{"line":147,"column":23},"end":{"line":147,"column":35}},"31":{"start":{"line":148,"column":19},"end":{"line":148,"column":31}},"32":{"start":{"line":149,"column":13},"end":{"line":149,"column":25}},"33":{"start":{"line":153,"column":29},"end":{"line":160,"column":1}},"34":{"start":{"line":154,"column":2},"end":{"line":159,"column":3}},"35":{"start":{"line":155,"column":23},"end":{"line":155,"column":40}},"36":{"start":{"line":156,"column":23},"end":{"line":156,"column":40}},"37":{"start":{"line":157,"column":19},"end":{"line":157,"column":36}},"38":{"start":{"line":158,"column":13},"end":{"line":158,"column":27}},"39":{"start":{"line":162,"column":43},"end":{"line":171,"column":1}},"40":{"start":{"line":163,"column":2},"end":{"line":163,"column":32}},"41":{"start":{"line":163,"column":23},"end":{"line":163,"column":32}},"42":{"start":{"line":165,"column":18},"end":{"line":165,"column":48}},"43":{"start":{"line":166,"column":19},"end":{"line":166,"column":49}},"44":{"start":{"line":168,"column":2},"end":{"line":168,"column":51}},"45":{"start":{"line":168,"column":22},"end":{"line":168,"column":51}},"46":{"start":{"line":170,"column":2},"end":{"line":170,"column":49}},"47":{"start":{"line":173,"column":45},"end":{"line":182,"column":1}},"48":{"start":{"line":174,"column":2},"end":{"line":174,"column":32}},"49":{"start":{"line":174,"column":23},"end":{"line":174,"column":32}},"50":{"start":{"line":176,"column":18},"end":{"line":176,"column":48}},"51":{"start":{"line":177,"column":19},"end":{"line":177,"column":49}},"52":{"start":{"line":179,"column":2},"end":{"line":179,"column":51}},"53":{"start":{"line":179,"column":22},"end":{"line":179,"column":51}},"54":{"start":{"line":181,"column":2},"end":{"line":181,"column":49}}},"fnMap":{"0":{"name":"(anonymous_0)","decl":{"start":{"line":74,"column":18},"end":{"line":74,"column":19}},"loc":{"start":{"line":77,"column":38},"end":{"line":84,"column":3}},"line":77},"1":{"name":"(anonymous_1)","decl":{"start":{"line":89,"column":19},"end":{"line":89,"column":20}},"loc":{"start":{"line":92,"column":39},"end":{"line":99,"column":3}},"line":92},"2":{"name":"(anonymous_2)","decl":{"start":{"line":118,"column":30},"end":{"line":118,"column":31}},"loc":{"start":{"line":118,"column":58},"end":{"line":124,"column":1}},"line":118},"3":{"name":"(anonymous_3)","decl":{"start":{"line":126,"column":32},"end":{"line":126,"column":33}},"loc":{"start":{"line":126,"column":59},"end":{"line":128,"column":1}},"line":126},"4":{"name":"(anonymous_4)","decl":{"start":{"line":130,"column":31},"end":{"line":130,"column":32}},"loc":{"start":{"line":130,"column":79},"end":{"line":142,"column":1}},"line":130},"5":{"name":"(anonymous_5)","decl":{"start":{"line":144,"column":28},"end":{"line":144,"column":29}},"loc":{"start":{"line":144,"column":59},"end":{"line":151,"column":1}},"line":144},"6":{"name":"(anonymous_6)","decl":{"start":{"line":153,"column":29},"end":{"line":153,"column":30}},"loc":{"start":{"line":153,"column":60},"end":{"line":160,"column":1}},"line":153},"7":{"name":"(anonymous_7)","decl":{"start":{"line":162,"column":43},"end":{"line":162,"column":44}},"loc":{"start":{"line":162,"column":80},"end":{"line":171,"column":1}},"line":162},"8":{"name":"(anonymous_8)","decl":{"start":{"line":173,"column":45},"end":{"line":173,"column":46}},"loc":{"start":{"line":173,"column":83},"end":{"line":182,"column":1}},"line":173}},"branchMap":{"0":{"loc":{"start":{"line":79,"column":4},"end":{"line":79,"column":92}},"type":"if","locations":[{"start":{"line":79,"column":4},"end":{"line":79,"column":92}},{"start":{},"end":{}}],"line":79},"1":{"loc":{"start":{"line":80,"column":4},"end":{"line":80,"column":86}},"type":"if","locations":[{"start":{"line":80,"column":4},"end":{"line":80,"column":86}},{"start":{},"end":{}}],"line":80},"2":{"loc":{"start":{"line":94,"column":4},"end":{"line":94,"column":95}},"type":"if","locations":[{"start":{"line":94,"column":4},"end":{"line":94,"column":95}},{"start":{},"end":{}}],"line":94},"3":{"loc":{"start":{"line":95,"column":4},"end":{"line":95,"column":86}},"type":"if","locations":[{"start":{"line":95,"column":4},"end":{"line":95,"column":86}},{"start":{},"end":{}}],"line":95},"4":{"loc":{"start":{"line":127,"column":12},"end":{"line":127,"column":33}},"type":"cond-expr","locations":[{"start":{"line":127,"column":25},"end":{"line":127,"column":28}},{"start":{"line":127,"column":31},"end":{"line":127,"column":33}}],"line":127},"5":{"loc":{"start":{"line":137,"column":2},"end":{"line":139,"column":3}},"type":"if","locations":[{"start":{"line":137,"column":2},"end":{"line":139,"column":3}},{"start":{},"end":{}}],"line":137},"6":{"loc":{"start":{"line":145,"column":2},"end":{"line":150,"column":3}},"type":"switch","locations":[{"start":{"line":146,"column":4},"end":{"line":146,"column":35}},{"start":{"line":147,"column":4},"end":{"line":147,"column":35}},{"start":{"line":148,"column":4},"end":{"line":148,"column":31}},{"start":{"line":149,"column":4},"end":{"line":149,"column":25}}],"line":145},"7":{"loc":{"start":{"line":154,"column":2},"end":{"line":159,"column":3}},"type":"switch","locations":[{"start":{"line":155,"column":4},"end":{"line":155,"column":40}},{"start":{"line":156,"column":4},"end":{"line":156,"column":40}},{"start":{"line":157,"column":4},"end":{"line":157,"column":36}},{"start":{"line":158,"column":4},"end":{"line":158,"column":27}}],"line":154},"8":{"loc":{"start":{"line":163,"column":2},"end":{"line":163,"column":32}},"type":"if","locations":[{"start":{"line":163,"column":2},"end":{"line":163,"column":32}},{"start":{},"end":{}}],"line":163},"9":{"loc":{"start":{"line":165,"column":18},"end":{"line":165,"column":48}},"type":"binary-expr","locations":[{"start":{"line":165,"column":18},"end":{"line":165,"column":43}},{"start":{"line":165,"column":47},"end":{"line":165,"column":48}}],"line":165},"10":{"loc":{"start":{"line":166,"column":19},"end":{"line":166,"column":49}},"type":"binary-expr","locations":[{"start":{"line":166,"column":19},"end":{"line":166,"column":44}},{"start":{"line":166,"column":48},"end":{"line":166,"column":49}}],"line":166},"11":{"loc":{"start":{"line":168,"column":2},"end":{"line":168,"column":51}},"type":"if","locations":[{"start":{"line":168,"column":2},"end":{"line":168,"column":51}},{"start":{},"end":{}}],"line":168},"12":{"loc":{"start":{"line":168,"column":29},"end":{"line":168,"column":50}},"type":"cond-expr","locations":[{"start":{"line":168,"column":43},"end":{"line":168,"column":46}},{"start":{"line":168,"column":49},"end":{"line":168,"column":50}}],"line":168},"13":{"loc":{"start":{"line":174,"column":2},"end":{"line":174,"column":32}},"type":"if","locations":[{"start":{"line":174,"column":2},"end":{"line":174,"column":32}},{"start":{},"end":{}}],"line":174},"14":{"loc":{"start":{"line":176,"column":18},"end":{"line":176,"column":48}},"type":"binary-expr","locations":[{"start":{"line":176,"column":18},"end":{"line":176,"column":43}},{"start":{"line":176,"column":47},"end":{"line":176,"column":48}}],"line":176},"15":{"loc":{"start":{"line":177,"column":19},"end":{"line":177,"column":49}},"type":"binary-expr","locations":[{"start":{"line":177,"column":19},"end":{"line":177,"column":44}},{"start":{"line":177,"column":48},"end":{"line":177,"column":49}}],"line":177},"16":{"loc":{"start":{"line":179,"column":2},"end":{"line":179,"column":51}},"type":"if","locations":[{"start":{"line":179,"column":2},"end":{"line":179,"column":51}},{"start":{},"end":{}}],"line":179},"17":{"loc":{"start":{"line":179,"column":29},"end":{"line":179,"column":50}},"type":"cond-expr","locations":[{"start":{"line":179,"column":43},"end":{"line":179,"column":46}},{"start":{"line":179,"column":49},"end":{"line":179,"column":50}}],"line":179}},"s":{"0":0,"1":0,"2":0,"3":0,"4":0,"5":0,"6":0,"7":0,"8":0,"9":0,"10":0,"11":0,"12":0,"13":0,"14":0,"15":0,"16":0,"17":0,"18":0,"19":0,"20":0,"21":0,"22":0,"23":0,"24":0,"25":0,"26":0,"27":0,"28":0,"29":0,"30":0,"31":0,"32":0,"33":0,"34":0,"35":0,"36":0,"37":0,"38":0,"39":0,"40":0,"41":0,"42":0,"43":0,"44":0,"45":0,"46":0,"47":0,"48":0,"49":0,"50":0,"51":0,"52":0,"53":0,"54":0},"f":{"0":0,"1":0,"2":0,"3":0,"4":0,"5":0,"6":0,"7":0,"8":0},"b":{"0":[0,0],"1":[0,0],"2":[0,0],"3":[0,0],"4":[0,0],"5":[0,0],"6":[0,0,0,0],"7":[0,0,0,0],"8":[0,0],"9":[0,0],"10":[0,0],"11":[0,0],"12":[0,0],"13":[0,0],"14":[0,0],"15":[0,0],"16":[0,0],"17":[0,0]}}
,"/Users/arisela/git/chores-tracker/frontend/src/api/users.ts": {"path":"/Users/arisela/git/chores-tracker/frontend/src/api/users.ts","statementMap":{"0":{"start":{"line":26,"column":24},"end":{"line":100,"column":1}},"1":{"start":{"line":29,"column":4},"end":{"line":35,"column":5}},"2":{"start":{"line":30,"column":23},"end":{"line":30,"column":55}},"3":{"start":{"line":31,"column":6},"end":{"line":31,"column":27}},"4":{"start":{"line":33,"column":6},"end":{"line":33,"column":57}},"5":{"start":{"line":34,"column":6},"end":{"line":34,"column":18}},"6":{"start":{"line":40,"column":4},"end":{"line":46,"column":5}},"7":{"start":{"line":41,"column":23},"end":{"line":41,"column":64}},"8":{"start":{"line":42,"column":6},"end":{"line":42,"column":27}},"9":{"start":{"line":44,"column":6},"end":{"line":44,"column":56}},"10":{"start":{"line":45,"column":6},"end":{"line":45,"column":18}},"11":{"start":{"line":51,"column":4},"end":{"line":57,"column":5}},"12":{"start":{"line":52,"column":23},"end":{"line":52,"column":70}},"13":{"start":{"line":53,"column":6},"end":{"line":53,"column":27}},"14":{"start":{"line":55,"column":6},"end":{"line":55,"column":65}},"15":{"start":{"line":56,"column":6},"end":{"line":56,"column":18}},"16":{"start":{"line":65,"column":4},"end":{"line":78,"column":5}},"17":{"start":{"line":68,"column":23},"end":{"line":73,"column":8}},"18":{"start":{"line":74,"column":6},"end":{"line":74,"column":27}},"19":{"start":{"line":76,"column":6},"end":{"line":76,"column":62}},"20":{"start":{"line":77,"column":6},"end":{"line":77,"column":18}},"21":{"start":{"line":83,"column":4},"end":{"line":98,"column":5}},"22":{"start":{"line":85,"column":23},"end":{"line":93,"column":7}},"23":{"start":{"line":94,"column":6},"end":{"line":94,"column":27}},"24":{"start":{"line":96,"column":6},"end":{"line":96,"column":56}},"25":{"start":{"line":97,"column":6},"end":{"line":97,"column":18}}},"fnMap":{"0":{"name":"(anonymous_0)","decl":{"start":{"line":28,"column":9},"end":{"line":28,"column":10}},"loc":{"start":{"line":28,"column":36},"end":{"line":36,"column":3}},"line":28},"1":{"name":"(anonymous_1)","decl":{"start":{"line":39,"column":17},"end":{"line":39,"column":18}},"loc":{"start":{"line":39,"column":57},"end":{"line":47,"column":3}},"line":39},"2":{"name":"(anonymous_2)","decl":{"start":{"line":50,"column":23},"end":{"line":50,"column":24}},"loc":{"start":{"line":50,"column":69},"end":{"line":58,"column":3}},"line":50},"3":{"name":"(anonymous_3)","decl":{"start":{"line":61,"column":22},"end":{"line":61,"column":23}},"loc":{"start":{"line":64,"column":23},"end":{"line":79,"column":3}},"line":64},"4":{"name":"(anonymous_4)","decl":{"start":{"line":82,"column":22},"end":{"line":82,"column":23}},"loc":{"start":{"line":82,"column":85},"end":{"line":99,"column":3}},"line":82}},"branchMap":{},"s":{"0":1,"1":10,"2":10,"3":9,"4":1,"5":1,"6":4,"7":4,"8":4,"9":0,"10":0,"11":5,"12":5,"13":5,"14":0,"15":0,"16":2,"17":2,"18":2,"19":0,"20":0,"21":3,"22":3,"23":3,"24":0,"25":0},"f":{"0":10,"1":4,"2":5,"3":2,"4":3},"b":{},"_coverageSchema":"1a1c01bbd47fc00a2c39e90264f33305004495a9","hash":"22b94b3e2db059d5a2a6d0b1df4b814d20ce9a5e"}
,"/Users/arisela/git/chores-tracker/frontend/src/components/ActivityCard.tsx": {"path":"/Users/arisela/git/chores-tracker/frontend/src/components/ActivityCard.tsx","statementMap":{"0":{"start":{"line":15,"column":57},"end":{"line":98,"column":1}},"1":{"start":{"line":16,"column":15},"end":{"line":16,"column":54}},"2":{"start":{"line":17,"column":16},"end":{"line":17,"column":56}},"3":{"start":{"line":18,"column":18},"end":{"line":18,"column":57}},"4":{"start":{"line":20,"column":29},"end":{"line":41,"column":3}},"5":{"start":{"line":21,"column":30},"end":{"line":21,"column":38}},"6":{"start":{"line":22,"column":4},"end":{"line":39,"column":5}},"7":{"start":{"line":24,"column":8},"end":{"line":26,"column":9}},"8":{"start":{"line":25,"column":10},"end":{"line":25,"column":63}},"9":{"start":{"line":27,"column":8},"end":{"line":27,"column":14}},"10":{"start":{"line":29,"column":8},"end":{"line":32,"column":9}},"11":{"start":{"line":30,"column":25},"end":{"line":30,"column":45}},"12":{"start":{"line":31,"column":10},"end":{"line":31,"column":93}},"13":{"start":{"line":33,"column":8},"end":{"line":33,"column":14}},"14":{"start":{"line":35,"column":8},"end":{"line":37,"column":9}},"15":{"start":{"line":36,"column":10},"end":{"line":36,"column":62}},"16":{"start":{"line":38,"column":8},"end":{"line":38,"column":14}},"17":{"start":{"line":40,"column":4},"end":{"line":40,"column":16}},"18":{"start":{"line":43,"column":26},"end":{"line":43,"column":46}},"19":{"start":{"line":44,"column":26},"end":{"line":45,"column":72}},"20":{"start":{"line":47,"column":2},"end":{"line":97,"column":4}},"21":{"start":{"line":100,"column":15},"end":{"line":174,"column":2}}},"fnMap":{"0":{"name":"(anonymous_0)","decl":{"start":{"line":15,"column":57},"end":{"line":15,"column":58}},"loc":{"start":{"line":15,"column":84},"end":{"line":98,"column":1}},"line":15},"1":{"name":"(anonymous_1)","decl":{"start":{"line":20,"column":29},"end":{"line":20,"column":30}},"loc":{"start":{"line":20,"column":35},"end":{"line":41,"column":3}},"line":20}},"branchMap":{"0":{"loc":{"start":{"line":22,"column":4},"end":{"line":39,"column":5}},"type":"switch","locations":[{"start":{"line":23,"column":6},"end":{"line":27,"column":14}},{"start":{"line":28,"column":6},"end":{"line":33,"column":14}},{"start":{"line":34,"column":6},"end":{"line":38,"column":14}}],"line":22},"1":{"loc":{"start":{"line":24,"column":8},"end":{"line":26,"column":9}},"type":"if","locations":[{"start":{"line":24,"column":8},"end":{"line":26,"column":9}},{"start":{},"end":{}}],"line":24},"2":{"loc":{"start":{"line":29,"column":8},"end":{"line":32,"column":9}},"type":"if","locations":[{"start":{"line":29,"column":8},"end":{"line":32,"column":9}},{"start":{},"end":{}}],"line":29},"3":{"loc":{"start":{"line":31,"column":17},"end":{"line":31,"column":92}},"type":"cond-expr","locations":[{"start":{"line":31,"column":31},"end":{"line":31,"column":55}},{"start":{"line":31,"column":58},"end":{"line":31,"column":92}}],"line":31},"4":{"loc":{"start":{"line":35,"column":8},"end":{"line":37,"column":9}},"type":"if","locations":[{"start":{"line":35,"column":8},"end":{"line":37,"column":9}},{"start":{},"end":{}}],"line":35},"5":{"loc":{"start":{"line":44,"column":26},"end":{"line":45,"column":72}},"type":"binary-expr","locations":[{"start":{"line":44,"column":26},"end":{"line":44,"column":69}},{"start":{"line":45,"column":25},"end":{"line":45,"column":72}}],"line":44},"6":{"loc":{"start":{"line":52,"column":21},"end":{"line":52,"column":38}},"type":"cond-expr","locations":[{"start":{"line":52,"column":31},"end":{"line":52,"column":34}},{"start":{"line":52,"column":37},"end":{"line":52,"column":38}}],"line":52},"7":{"loc":{"start":{"line":68,"column":13},"end":{"line":75,"column":13}},"type":"binary-expr","locations":[{"start":{"line":68,"column":13},"end":{"line":68,"column":33}},{"start":{"line":69,"column":14},"end":{"line":74,"column":17}}],"line":68},"8":{"loc":{"start":{"line":81,"column":9},"end":{"line":94,"column":9}},"type":"binary-expr","locations":[{"start":{"line":81,"column":9},"end":{"line":81,"column":24}},{"start":{"line":82,"column":10},"end":{"line":93,"column":17}}],"line":81},"9":{"loc":{"start":{"line":86,"column":23},"end":{"line":88,"column":29}},"type":"cond-expr","locations":[{"start":{"line":87,"column":20},"end":{"line":87,"column":29}},{"start":{"line":88,"column":20},"end":{"line":88,"column":29}}],"line":86},"10":{"loc":{"start":{"line":86,"column":23},"end":{"line":86,"column":122}},"type":"binary-expr","locations":[{"start":{"line":86,"column":23},"end":{"line":86,"column":38}},{"start":{"line":86,"column":42},"end":{"line":86,"column":85}},{"start":{"line":86,"column":89},"end":{"line":86,"column":122}}],"line":86}},"s":{"0":2,"1":99,"2":99,"3":99,"4":99,"5":99,"6":99,"7":2,"8":2,"9":0,"10":4,"11":3,"12":3,"13":1,"14":2,"15":2,"16":0,"17":92,"18":99,"19":99,"20":99,"21":2},"f":{"0":99,"1":99},"b":{"0":[2,4,2],"1":[2,0],"2":[3,1],"3":[2,1],"4":[2,0],"5":[99,97],"6":[70,29],"7":[99,1],"8":[99,7],"9":[1,6],"10":[7,5,3]},"_coverageSchema":"1a1c01bbd47fc00a2c39e90264f33305004495a9","hash":"5ded8fa786da98725eeb9eab1521117b228ff211"}
,"/Users/arisela/git/chores-tracker/frontend/src/components/ActivityFeed.tsx": {"path":"/Users/arisela/git/chores-tracker/frontend/src/components/ActivityFeed.tsx","statementMap":{"0":{"start":{"line":22,"column":57},"end":{"line":193,"column":1}},"1":{"start":{"line":28,"column":38},"end":{"line":28,"column":62}},"2":{"start":{"line":29,"column":32},"end":{"line":29,"column":46}},"3":{"start":{"line":30,"column":38},"end":{"line":30,"column":53}},"4":{"start":{"line":31,"column":40},"end":{"line":31,"column":55}},"5":{"start":{"line":32,"column":32},"end":{"line":32,"column":47}},"6":{"start":{"line":33,"column":28},"end":{"line":33,"column":57}},"7":{"start":{"line":35,"column":26},"end":{"line":62,"column":13}},"8":{"start":{"line":36,"column":4},"end":{"line":61,"column":5}},"9":{"start":{"line":37,"column":6},"end":{"line":37,"column":21}},"10":{"start":{"line":39,"column":45},"end":{"line":42,"column":8}},"11":{"start":{"line":44,"column":6},"end":{"line":48,"column":7}},"12":{"start":{"line":45,"column":8},"end":{"line":45,"column":49}},"13":{"start":{"line":47,"column":8},"end":{"line":47,"column":73}},"14":{"start":{"line":47,"column":30},"end":{"line":47,"column":71}},"15":{"start":{"line":50,"column":6},"end":{"line":50,"column":36}},"16":{"start":{"line":52,"column":6},"end":{"line":52,"column":56}},"17":{"start":{"line":53,"column":6},"end":{"line":53,"column":51}},"18":{"start":{"line":54,"column":6},"end":{"line":56,"column":7}},"19":{"start":{"line":55,"column":8},"end":{"line":55,"column":26}},"20":{"start":{"line":58,"column":6},"end":{"line":58,"column":24}},"21":{"start":{"line":59,"column":6},"end":{"line":59,"column":27}},"22":{"start":{"line":60,"column":6},"end":{"line":60,"column":28}},"23":{"start":{"line":64,"column":2},"end":{"line":66,"column":36}},"24":{"start":{"line":65,"column":4},"end":{"line":65,"column":22}},"25":{"start":{"line":68,"column":24},"end":{"line":71,"column":23}},"26":{"start":{"line":69,"column":4},"end":{"line":69,"column":24}},"27":{"start":{"line":70,"column":4},"end":{"line":70,"column":29}},"28":{"start":{"line":73,"column":25},"end":{"line":78,"column":65}},"29":{"start":{"line":74,"column":4},"end":{"line":77,"column":5}},"30":{"start":{"line":75,"column":6},"end":{"line":75,"column":27}},"31":{"start":{"line":76,"column":6},"end":{"line":76,"column":47}},"32":{"start":{"line":80,"column":30},"end":{"line":102,"column":3}},"33":{"start":{"line":81,"column":4},"end":{"line":101,"column":5}},"34":{"start":{"line":82,"column":6},"end":{"line":82,"column":32}},"35":{"start":{"line":85,"column":22},"end":{"line":85,"column":24}},"36":{"start":{"line":86,"column":6},"end":{"line":88,"column":7}},"37":{"start":{"line":87,"column":8},"end":{"line":87,"column":69}},"38":{"start":{"line":89,"column":6},"end":{"line":91,"column":7}},"39":{"start":{"line":90,"column":8},"end":{"line":90,"column":84}},"40":{"start":{"line":92,"column":6},"end":{"line":94,"column":7}},"41":{"start":{"line":93,"column":8},"end":{"line":93,"column":75}},"42":{"start":{"line":96,"column":6},"end":{"line":100,"column":8}},"43":{"start":{"line":104,"column":29},"end":{"line":109,"column":3}},"44":{"start":{"line":105,"column":4},"end":{"line":108,"column":6}},"45":{"start":{"line":107,"column":21},"end":{"line":107,"column":46}},"46":{"start":{"line":111,"column":27},"end":{"line":119,"column":3}},"47":{"start":{"line":112,"column":4},"end":{"line":118,"column":11}},"48":{"start":{"line":121,"column":27},"end":{"line":130,"column":3}},"49":{"start":{"line":122,"column":4},"end":{"line":129,"column":11}},"50":{"start":{"line":126,"column":66},"end":{"line":126,"column":83}},"51":{"start":{"line":132,"column":30},"end":{"line":141,"column":3}},"52":{"start":{"line":133,"column":4},"end":{"line":133,"column":34}},"53":{"start":{"line":133,"column":22},"end":{"line":133,"column":34}},"54":{"start":{"line":135,"column":4},"end":{"line":140,"column":6}},"55":{"start":{"line":143,"column":2},"end":{"line":150,"column":3}},"56":{"start":{"line":144,"column":4},"end":{"line":149,"column":6}},"57":{"start":{"line":152,"column":2},"end":{"line":154,"column":3}},"58":{"start":{"line":153,"column":4},"end":{"line":153,"column":30}},"59":{"start":{"line":156,"column":2},"end":{"line":192,"column":4}},"60":{"start":{"line":173,"column":32},"end":{"line":173,"column":53}},"61":{"start":{"line":195,"column":15},"end":{"line":298,"column":2}}},"fnMap":{"0":{"name":"(anonymous_0)","decl":{"start":{"line":22,"column":57},"end":{"line":22,"column":58}},"loc":{"start":{"line":27,"column":6},"end":{"line":193,"column":1}},"line":27},"1":{"name":"(anonymous_1)","decl":{"start":{"line":35,"column":38},"end":{"line":35,"column":39}},"loc":{"start":{"line":35,"column":79},"end":{"line":62,"column":3}},"line":35},"2":{"name":"(anonymous_2)","decl":{"start":{"line":47,"column":22},"end":{"line":47,"column":23}},"loc":{"start":{"line":47,"column":30},"end":{"line":47,"column":71}},"line":47},"3":{"name":"(anonymous_3)","decl":{"start":{"line":64,"column":12},"end":{"line":64,"column":13}},"loc":{"start":{"line":64,"column":18},"end":{"line":66,"column":3}},"line":64},"4":{"name":"(anonymous_4)","decl":{"start":{"line":68,"column":36},"end":{"line":68,"column":37}},"loc":{"start":{"line":68,"column":42},"end":{"line":71,"column":3}},"line":68},"5":{"name":"(anonymous_5)","decl":{"start":{"line":73,"column":37},"end":{"line":73,"column":38}},"loc":{"start":{"line":73,"column":43},"end":{"line":78,"column":3}},"line":73},"6":{"name":"(anonymous_6)","decl":{"start":{"line":80,"column":30},"end":{"line":80,"column":31}},"loc":{"start":{"line":80,"column":54},"end":{"line":102,"column":3}},"line":80},"7":{"name":"(anonymous_7)","decl":{"start":{"line":104,"column":29},"end":{"line":104,"column":30}},"loc":{"start":{"line":105,"column":4},"end":{"line":108,"column":6}},"line":105},"8":{"name":"(anonymous_8)","decl":{"start":{"line":107,"column":15},"end":{"line":107,"column":16}},"loc":{"start":{"line":107,"column":21},"end":{"line":107,"column":46}},"line":107},"9":{"name":"(anonymous_9)","decl":{"start":{"line":111,"column":27},"end":{"line":111,"column":28}},"loc":{"start":{"line":112,"column":4},"end":{"line":118,"column":11}},"line":112},"10":{"name":"(anonymous_10)","decl":{"start":{"line":121,"column":27},"end":{"line":121,"column":28}},"loc":{"start":{"line":122,"column":4},"end":{"line":129,"column":11}},"line":122},"11":{"name":"(anonymous_11)","decl":{"start":{"line":126,"column":60},"end":{"line":126,"column":61}},"loc":{"start":{"line":126,"column":66},"end":{"line":126,"column":83}},"line":126},"12":{"name":"(anonymous_12)","decl":{"start":{"line":132,"column":30},"end":{"line":132,"column":31}},"loc":{"start":{"line":132,"column":36},"end":{"line":141,"column":3}},"line":132},"13":{"name":"(anonymous_13)","decl":{"start":{"line":173,"column":22},"end":{"line":173,"column":23}},"loc":{"start":{"line":173,"column":32},"end":{"line":173,"column":53}},"line":173}},"branchMap":{"0":{"loc":{"start":{"line":23,"column":2},"end":{"line":23,"column":12}},"type":"default-arg","locations":[{"start":{"line":23,"column":10},"end":{"line":23,"column":12}}],"line":23},"1":{"loc":{"start":{"line":24,"column":2},"end":{"line":24,"column":19}},"type":"default-arg","locations":[{"start":{"line":24,"column":15},"end":{"line":24,"column":19}}],"line":24},"2":{"loc":{"start":{"line":26,"column":2},"end":{"line":26,"column":16}},"type":"default-arg","locations":[{"start":{"line":26,"column":15},"end":{"line":26,"column":16}}],"line":26},"3":{"loc":{"start":{"line":35,"column":45},"end":{"line":35,"column":55}},"type":"default-arg","locations":[{"start":{"line":35,"column":54},"end":{"line":35,"column":55}}],"line":35},"4":{"loc":{"start":{"line":35,"column":57},"end":{"line":35,"column":74}},"type":"default-arg","locations":[{"start":{"line":35,"column":69},"end":{"line":35,"column":74}}],"line":35},"5":{"loc":{"start":{"line":44,"column":6},"end":{"line":48,"column":7}},"type":"if","locations":[{"start":{"line":44,"column":6},"end":{"line":48,"column":7}},{"start":{"line":46,"column":13},"end":{"line":48,"column":7}}],"line":44},"6":{"loc":{"start":{"line":45,"column":22},"end":{"line":45,"column":47}},"type":"binary-expr","locations":[{"start":{"line":45,"column":22},"end":{"line":45,"column":41}},{"start":{"line":45,"column":45},"end":{"line":45,"column":47}}],"line":45},"7":{"loc":{"start":{"line":47,"column":44},"end":{"line":47,"column":69}},"type":"binary-expr","locations":[{"start":{"line":47,"column":44},"end":{"line":47,"column":63}},{"start":{"line":47,"column":67},"end":{"line":47,"column":69}}],"line":47},"8":{"loc":{"start":{"line":54,"column":6},"end":{"line":56,"column":7}},"type":"if","locations":[{"start":{"line":54,"column":6},"end":{"line":56,"column":7}},{"start":{},"end":{}}],"line":54},"9":{"loc":{"start":{"line":74,"column":4},"end":{"line":77,"column":5}},"type":"if","locations":[{"start":{"line":74,"column":4},"end":{"line":77,"column":5}},{"start":{},"end":{}}],"line":74},"10":{"loc":{"start":{"line":74,"column":8},"end":{"line":74,"column":64}},"type":"binary-expr","locations":[{"start":{"line":74,"column":8},"end":{"line":74,"column":20}},{"start":{"line":74,"column":24},"end":{"line":74,"column":31}},{"start":{"line":74,"column":35},"end":{"line":74,"column":64}}],"line":74},"11":{"loc":{"start":{"line":74,"column":36},"end":{"line":74,"column":59}},"type":"binary-expr","locations":[{"start":{"line":74,"column":36},"end":{"line":74,"column":54}},{"start":{"line":74,"column":58},"end":{"line":74,"column":59}}],"line":74},"12":{"loc":{"start":{"line":76,"column":22},"end":{"line":76,"column":45}},"type":"binary-expr","locations":[{"start":{"line":76,"column":22},"end":{"line":76,"column":40}},{"start":{"line":76,"column":44},"end":{"line":76,"column":45}}],"line":76},"13":{"loc":{"start":{"line":81,"column":4},"end":{"line":101,"column":5}},"type":"if","locations":[{"start":{"line":81,"column":4},"end":{"line":101,"column":5}},{"start":{"line":83,"column":11},"end":{"line":101,"column":5}}],"line":81},"14":{"loc":{"start":{"line":86,"column":6},"end":{"line":88,"column":7}},"type":"if","locations":[{"start":{"line":86,"column":6},"end":{"line":88,"column":7}},{"start":{},"end":{}}],"line":86},"15":{"loc":{"start":{"line":89,"column":6},"end":{"line":91,"column":7}},"type":"if","locations":[{"start":{"line":89,"column":6},"end":{"line":91,"column":7}},{"start":{},"end":{}}],"line":89},"16":{"loc":{"start":{"line":92,"column":6},"end":{"line":94,"column":7}},"type":"if","locations":[{"start":{"line":92,"column":6},"end":{"line":94,"column":7}},{"start":{},"end":{}}],"line":92},"17":{"loc":{"start":{"line":98,"column":8},"end":{"line":98,"column":72}},"type":"cond-expr","locations":[{"start":{"line":98,"column":29},"end":{"line":98,"column":49}},{"start":{"line":98,"column":52},"end":{"line":98,"column":72}}],"line":98},"18":{"loc":{"start":{"line":133,"column":4},"end":{"line":133,"column":34}},"type":"if","locations":[{"start":{"line":133,"column":4},"end":{"line":133,"column":34}},{"start":{},"end":{}}],"line":133},"19":{"loc":{"start":{"line":143,"column":2},"end":{"line":150,"column":3}},"type":"if","locations":[{"start":{"line":143,"column":2},"end":{"line":150,"column":3}},{"start":{},"end":{}}],"line":143},"20":{"loc":{"start":{"line":143,"column":6},"end":{"line":143,"column":48}},"type":"binary-expr","locations":[{"start":{"line":143,"column":6},"end":{"line":143,"column":13}},{"start":{"line":143,"column":17},"end":{"line":143,"column":48}}],"line":143},"21":{"loc":{"start":{"line":143,"column":18},"end":{"line":143,"column":41}},"type":"binary-expr","locations":[{"start":{"line":143,"column":18},"end":{"line":143,"column":36}},{"start":{"line":143,"column":40},"end":{"line":143,"column":41}}],"line":143},"22":{"loc":{"start":{"line":152,"column":2},"end":{"line":154,"column":3}},"type":"if","locations":[{"start":{"line":152,"column":2},"end":{"line":154,"column":3}},{"start":{},"end":{}}],"line":152},"23":{"loc":{"start":{"line":152,"column":6},"end":{"line":152,"column":46}},"type":"binary-expr","locations":[{"start":{"line":152,"column":6},"end":{"line":152,"column":11}},{"start":{"line":152,"column":15},"end":{"line":152,"column":46}}],"line":152},"24":{"loc":{"start":{"line":152,"column":16},"end":{"line":152,"column":39}},"type":"binary-expr","locations":[{"start":{"line":152,"column":16},"end":{"line":152,"column":34}},{"start":{"line":152,"column":38},"end":{"line":152,"column":39}}],"line":152},"25":{"loc":{"start":{"line":158,"column":7},"end":{"line":167,"column":7}},"type":"binary-expr","locations":[{"start":{"line":158,"column":7},"end":{"line":158,"column":17}},{"start":{"line":159,"column":8},"end":{"line":166,"column":15}}],"line":158},"26":{"loc":{"start":{"line":161,"column":11},"end":{"line":165,"column":11}},"type":"binary-expr","locations":[{"start":{"line":161,"column":11},"end":{"line":161,"column":40}},{"start":{"line":162,"column":12},"end":{"line":164,"column":19}}],"line":161},"27":{"loc":{"start":{"line":161,"column":12},"end":{"line":161,"column":35}},"type":"binary-expr","locations":[{"start":{"line":161,"column":12},"end":{"line":161,"column":30}},{"start":{"line":161,"column":34},"end":{"line":161,"column":35}}],"line":161},"28":{"loc":{"start":{"line":163,"column":15},"end":{"line":163,"column":38}},"type":"binary-expr","locations":[{"start":{"line":163,"column":15},"end":{"line":163,"column":33}},{"start":{"line":163,"column":37},"end":{"line":163,"column":38}}],"line":163},"29":{"loc":{"start":{"line":163,"column":48},"end":{"line":163,"column":107}},"type":"cond-expr","locations":[{"start":{"line":163,"column":82},"end":{"line":163,"column":92}},{"start":{"line":163,"column":95},"end":{"line":163,"column":107}}],"line":163},"30":{"loc":{"start":{"line":163,"column":49},"end":{"line":163,"column":72}},"type":"binary-expr","locations":[{"start":{"line":163,"column":49},"end":{"line":163,"column":67}},{"start":{"line":163,"column":71},"end":{"line":163,"column":72}}],"line":163},"31":{"loc":{"start":{"line":171,"column":14},"end":{"line":171,"column":30}},"type":"binary-expr","locations":[{"start":{"line":171,"column":14},"end":{"line":171,"column":24}},{"start":{"line":171,"column":28},"end":{"line":171,"column":30}}],"line":171},"32":{"loc":{"start":{"line":187,"column":31},"end":{"line":187,"column":109}},"type":"cond-expr","locations":[{"start":{"line":187,"column":65},"end":{"line":187,"column":86}},{"start":{"line":187,"column":89},"end":{"line":187,"column":109}}],"line":187},"33":{"loc":{"start":{"line":187,"column":32},"end":{"line":187,"column":55}},"type":"binary-expr","locations":[{"start":{"line":187,"column":32},"end":{"line":187,"column":50}},{"start":{"line":187,"column":54},"end":{"line":187,"column":55}}],"line":187}},"s":{"0":1,"1":52,"2":52,"3":52,"4":52,"5":52,"6":52,"7":52,"8":28,"9":28,"10":28,"11":25,"12":25,"13":0,"14":0,"15":25,"16":3,"17":3,"18":3,"19":3,"20":28,"21":28,"22":28,"23":52,"24":27,"25":52,"26":0,"27":0,"28":52,"29":0,"30":0,"31":0,"32":52,"33":3,"34":1,"35":2,"36":2,"37":1,"38":2,"39":1,"40":2,"41":1,"42":2,"43":52,"44":69,"45":3,"46":52,"47":3,"48":52,"49":3,"50":1,"51":52,"52":26,"53":26,"54":0,"55":52,"56":23,"57":29,"58":3,"59":26,"60":91,"61":1},"f":{"0":52,"1":28,"2":0,"3":27,"4":0,"5":0,"6":3,"7":69,"8":3,"9":3,"10":3,"11":1,"12":26,"13":91},"b":{"0":[50],"1":[48],"2":[46],"3":[28],"4":[28],"5":[25,0],"6":[25,1],"7":[0,0],"8":[3,0],"9":[0,0],"10":[0,0,0],"11":[0,0],"12":[0,0],"13":[1,2],"14":[1,1],"15":[1,1],"16":[1,1],"17":[1,1],"18":[26,0],"19":[23,29],"20":[52,23],"21":[23,23],"22":[3,26],"23":[29,3],"24":[3,3],"25":[26,25],"26":[25,22],"27":[25,3],"28":[22,0],"29":[2,20],"30":[22,0],"31":[26,0],"32":[3,23],"33":[26,3]},"_coverageSchema":"1a1c01bbd47fc00a2c39e90264f33305004495a9","hash":"f7689ffb671f405c28b47524f4da96b223fcd87a"}
,"/Users/arisela/git/chores-tracker/frontend/src/components/ChildCard.tsx": {"path":"/Users/arisela/git/chores-tracker/frontend/src/components/ChildCard.tsx","statementMap":{"0":{"start":{"line":12,"column":44},"end":{"line":67,"column":1}},"1":{"start":{"line":13,"column":46},"end":{"line":13,"column":51}},"2":{"start":{"line":15,"column":23},"end":{"line":17,"column":15}},"3":{"start":{"line":16,"column":4},"end":{"line":16,"column":60}},"4":{"start":{"line":18,"column":26},"end":{"line":20,"column":15}},"5":{"start":{"line":19,"column":5},"end":{"line":19,"column":35}},"6":{"start":{"line":22,"column":26},"end":{"line":27,"column":20}},"7":{"start":{"line":25,"column":8},"end":{"line":26,"column":40}},"8":{"start":{"line":29,"column":2},"end":{"line":66,"column":4}},"9":{"start":{"line":69,"column":15},"end":{"line":157,"column":2}}},"fnMap":{"0":{"name":"(anonymous_0)","decl":{"start":{"line":12,"column":44},"end":{"line":12,"column":45}},"loc":{"start":{"line":12,"column":55},"end":{"line":67,"column":1}},"line":12},"1":{"name":"(anonymous_1)","decl":{"start":{"line":15,"column":44},"end":{"line":15,"column":45}},"loc":{"start":{"line":16,"column":4},"end":{"line":16,"column":60}},"line":16},"2":{"name":"(anonymous_2)","decl":{"start":{"line":18,"column":47},"end":{"line":18,"column":48}},"loc":{"start":{"line":19,"column":5},"end":{"line":19,"column":35}},"line":19},"3":{"name":"(anonymous_3)","decl":{"start":{"line":24,"column":28},"end":{"line":24,"column":29}},"loc":{"start":{"line":25,"column":8},"end":{"line":26,"column":40}},"line":25}},"branchMap":{"0":{"loc":{"start":{"line":15,"column":23},"end":{"line":17,"column":15}},"type":"binary-expr","locations":[{"start":{"line":15,"column":23},"end":{"line":17,"column":10}},{"start":{"line":17,"column":14},"end":{"line":17,"column":15}}],"line":15},"1":{"loc":{"start":{"line":16,"column":4},"end":{"line":16,"column":60}},"type":"binary-expr","locations":[{"start":{"line":16,"column":4},"end":{"line":16,"column":19}},{"start":{"line":16,"column":23},"end":{"line":16,"column":38}},{"start":{"line":16,"column":42},"end":{"line":16,"column":60}}],"line":16},"2":{"loc":{"start":{"line":18,"column":26},"end":{"line":20,"column":15}},"type":"binary-expr","locations":[{"start":{"line":18,"column":26},"end":{"line":20,"column":10}},{"start":{"line":20,"column":14},"end":{"line":20,"column":15}}],"line":18},"3":{"loc":{"start":{"line":19,"column":5},"end":{"line":19,"column":35}},"type":"binary-expr","locations":[{"start":{"line":19,"column":5},"end":{"line":19,"column":18}},{"start":{"line":19,"column":22},"end":{"line":19,"column":35}}],"line":19},"4":{"loc":{"start":{"line":22,"column":26},"end":{"line":27,"column":20}},"type":"cond-expr","locations":[{"start":{"line":23,"column":6},"end":{"line":23,"column":24}},{"start":{"line":24,"column":7},"end":{"line":27,"column":19}}],"line":22},"5":{"loc":{"start":{"line":24,"column":7},"end":{"line":27,"column":19}},"type":"binary-expr","locations":[{"start":{"line":24,"column":7},"end":{"line":27,"column":14}},{"start":{"line":27,"column":18},"end":{"line":27,"column":19}}],"line":24},"6":{"loc":{"start":{"line":25,"column":8},"end":{"line":26,"column":40}},"type":"binary-expr","locations":[{"start":{"line":25,"column":9},"end":{"line":25,"column":23}},{"start":{"line":25,"column":27},"end":{"line":25,"column":41}},{"start":{"line":25,"column":45},"end":{"line":25,"column":62}},{"start":{"line":26,"column":8},"end":{"line":26,"column":22}},{"start":{"line":26,"column":26},"end":{"line":26,"column":40}}],"line":25},"7":{"loc":{"start":{"line":35,"column":13},"end":{"line":35,"column":52}},"type":"cond-expr","locations":[{"start":{"line":35,"column":31},"end":{"line":35,"column":39}},{"start":{"line":35,"column":42},"end":{"line":35,"column":52}}],"line":35},"8":{"loc":{"start":{"line":59,"column":9},"end":{"line":63,"column":9}},"type":"binary-expr","locations":[{"start":{"line":59,"column":9},"end":{"line":59,"column":24}},{"start":{"line":60,"column":10},"end":{"line":62,"column":29}}],"line":59}},"s":{"0":1,"1":28,"2":28,"3":172,"4":28,"5":172,"6":28,"7":163,"8":28,"9":1},"f":{"0":28,"1":172,"2":172,"3":163},"b":{"0":[28,4],"1":[172,97,97],"2":[28,6],"3":[172,130],"4":[3,25],"5":[25,5],"6":[163,94,94,72,48],"7":[27,1],"8":[28,4]},"_coverageSchema":"1a1c01bbd47fc00a2c39e90264f33305004495a9","hash":"6076b6210656ec5192cc91ce06161610cf246e39"}
,"/Users/arisela/git/chores-tracker/frontend/src/components/ChoreCard.tsx": {"path":"/Users/arisela/git/chores-tracker/frontend/src/components/ChoreCard.tsx","statementMap":{"0":{"start":{"line":15,"column":51},"end":{"line":164,"column":1}},"1":{"start":{"line":24,"column":42},"end":{"line":24,"column":57}},"2":{"start":{"line":25,"column":42},"end":{"line":25,"column":57}},"3":{"start":{"line":26,"column":24},"end":{"line":44,"column":3}},"4":{"start":{"line":27,"column":4},"end":{"line":27,"column":48}},"5":{"start":{"line":27,"column":27},"end":{"line":27,"column":48}},"6":{"start":{"line":30,"column":4},"end":{"line":30,"column":68}},"7":{"start":{"line":30,"column":48},"end":{"line":30,"column":68}},"8":{"start":{"line":33,"column":24},"end":{"line":33,"column":89}},"9":{"start":{"line":35,"column":4},"end":{"line":35,"column":93}},"10":{"start":{"line":35,"column":65},"end":{"line":35,"column":93}},"11":{"start":{"line":36,"column":4},"end":{"line":36,"column":42}},"12":{"start":{"line":36,"column":21},"end":{"line":36,"column":42}},"13":{"start":{"line":37,"column":4},"end":{"line":42,"column":5}},"14":{"start":{"line":38,"column":23},"end":{"line":38,"column":56}},"15":{"start":{"line":39,"column":6},"end":{"line":41,"column":7}},"16":{"start":{"line":40,"column":8},"end":{"line":40,"column":63}},"17":{"start":{"line":43,"column":4},"end":{"line":43,"column":34}},"18":{"start":{"line":46,"column":24},"end":{"line":69,"column":3}},"19":{"start":{"line":48,"column":4},"end":{"line":50,"column":5}},"20":{"start":{"line":49,"column":6},"end":{"line":49,"column":52}},"21":{"start":{"line":53,"column":23},"end":{"line":53,"column":61}},"22":{"start":{"line":54,"column":4},"end":{"line":56,"column":5}},"23":{"start":{"line":55,"column":6},"end":{"line":55,"column":43}},"24":{"start":{"line":59,"column":4},"end":{"line":61,"column":5}},"25":{"start":{"line":60,"column":6},"end":{"line":60,"column":81}},"26":{"start":{"line":64,"column":4},"end":{"line":66,"column":5}},"27":{"start":{"line":65,"column":6},"end":{"line":65,"column":43}},"28":{"start":{"line":68,"column":4},"end":{"line":68,"column":23}},"29":{"start":{"line":71,"column":25},"end":{"line":79,"column":3}},"30":{"start":{"line":73,"column":24},"end":{"line":73,"column":89}},"31":{"start":{"line":74,"column":4},"end":{"line":74,"column":34}},"32":{"start":{"line":74,"column":21},"end":{"line":74,"column":34}},"33":{"start":{"line":75,"column":4},"end":{"line":77,"column":5}},"34":{"start":{"line":76,"column":6},"end":{"line":76,"column":61}},"35":{"start":{"line":78,"column":4},"end":{"line":78,"column":16}},"36":{"start":{"line":81,"column":2},"end":{"line":163,"column":4}},"37":{"start":{"line":106,"column":12},"end":{"line":106,"column":34}},"38":{"start":{"line":107,"column":12},"end":{"line":107,"column":39}},"39":{"start":{"line":108,"column":12},"end":{"line":108,"column":35}},"40":{"start":{"line":127,"column":16},"end":{"line":127,"column":38}},"41":{"start":{"line":128,"column":16},"end":{"line":128,"column":41}},"42":{"start":{"line":129,"column":16},"end":{"line":129,"column":39}},"43":{"start":{"line":146,"column":16},"end":{"line":146,"column":38}},"44":{"start":{"line":147,"column":16},"end":{"line":147,"column":42}},"45":{"start":{"line":148,"column":16},"end":{"line":148,"column":39}},"46":{"start":{"line":166,"column":15},"end":{"line":264,"column":2}}},"fnMap":{"0":{"name":"(anonymous_0)","decl":{"start":{"line":15,"column":51},"end":{"line":15,"column":52}},"loc":{"start":{"line":23,"column":6},"end":{"line":164,"column":1}},"line":23},"1":{"name":"(anonymous_1)","decl":{"start":{"line":26,"column":24},"end":{"line":26,"column":25}},"loc":{"start":{"line":26,"column":30},"end":{"line":44,"column":3}},"line":26},"2":{"name":"(anonymous_2)","decl":{"start":{"line":46,"column":24},"end":{"line":46,"column":25}},"loc":{"start":{"line":46,"column":30},"end":{"line":69,"column":3}},"line":46},"3":{"name":"(anonymous_3)","decl":{"start":{"line":71,"column":25},"end":{"line":71,"column":26}},"loc":{"start":{"line":71,"column":31},"end":{"line":79,"column":3}},"line":71},"4":{"name":"(anonymous_4)","decl":{"start":{"line":105,"column":19},"end":{"line":105,"column":20}},"loc":{"start":{"line":105,"column":31},"end":{"line":109,"column":11}},"line":105},"5":{"name":"(anonymous_5)","decl":{"start":{"line":126,"column":23},"end":{"line":126,"column":24}},"loc":{"start":{"line":126,"column":35},"end":{"line":130,"column":15}},"line":126},"6":{"name":"(anonymous_6)","decl":{"start":{"line":145,"column":23},"end":{"line":145,"column":24}},"loc":{"start":{"line":145,"column":35},"end":{"line":149,"column":15}},"line":145}},"branchMap":{"0":{"loc":{"start":{"line":20,"column":2},"end":{"line":20,"column":28}},"type":"default-arg","locations":[{"start":{"line":20,"column":23},"end":{"line":20,"column":28}}],"line":20},"1":{"loc":{"start":{"line":21,"column":2},"end":{"line":21,"column":27}},"type":"default-arg","locations":[{"start":{"line":21,"column":22},"end":{"line":21,"column":27}}],"line":21},"2":{"loc":{"start":{"line":22,"column":2},"end":{"line":22,"column":17}},"type":"default-arg","locations":[{"start":{"line":22,"column":12},"end":{"line":22,"column":17}}],"line":22},"3":{"loc":{"start":{"line":27,"column":4},"end":{"line":27,"column":48}},"type":"if","locations":[{"start":{"line":27,"column":4},"end":{"line":27,"column":48}},{"start":{},"end":{}}],"line":27},"4":{"loc":{"start":{"line":30,"column":4},"end":{"line":30,"column":68}},"type":"if","locations":[{"start":{"line":30,"column":4},"end":{"line":30,"column":68}},{"start":{},"end":{}}],"line":30},"5":{"loc":{"start":{"line":30,"column":8},"end":{"line":30,"column":46}},"type":"binary-expr","locations":[{"start":{"line":30,"column":8},"end":{"line":30,"column":25}},{"start":{"line":30,"column":29},"end":{"line":30,"column":46}}],"line":30},"6":{"loc":{"start":{"line":33,"column":24},"end":{"line":33,"column":89}},"type":"binary-expr","locations":[{"start":{"line":33,"column":24},"end":{"line":33,"column":42}},{"start":{"line":33,"column":46},"end":{"line":33,"column":67}},{"start":{"line":33,"column":71},"end":{"line":33,"column":89}}],"line":33},"7":{"loc":{"start":{"line":35,"column":4},"end":{"line":35,"column":93}},"type":"if","locations":[{"start":{"line":35,"column":4},"end":{"line":35,"column":93}},{"start":{},"end":{}}],"line":35},"8":{"loc":{"start":{"line":35,"column":8},"end":{"line":35,"column":63}},"type":"binary-expr","locations":[{"start":{"line":35,"column":8},"end":{"line":35,"column":19}},{"start":{"line":35,"column":23},"end":{"line":35,"column":41}},{"start":{"line":35,"column":45},"end":{"line":35,"column":63}}],"line":35},"9":{"loc":{"start":{"line":36,"column":4},"end":{"line":36,"column":42}},"type":"if","locations":[{"start":{"line":36,"column":4},"end":{"line":36,"column":42}},{"start":{},"end":{}}],"line":36},"10":{"loc":{"start":{"line":37,"column":4},"end":{"line":42,"column":5}},"type":"if","locations":[{"start":{"line":37,"column":4},"end":{"line":42,"column":5}},{"start":{},"end":{}}],"line":37},"11":{"loc":{"start":{"line":39,"column":6},"end":{"line":41,"column":7}},"type":"if","locations":[{"start":{"line":39,"column":6},"end":{"line":41,"column":7}},{"start":{},"end":{}}],"line":39},"12":{"loc":{"start":{"line":48,"column":4},"end":{"line":50,"column":5}},"type":"if","locations":[{"start":{"line":48,"column":4},"end":{"line":50,"column":5}},{"start":{},"end":{}}],"line":48},"13":{"loc":{"start":{"line":53,"column":23},"end":{"l
[...]
27":{"start":{"line":64,"column":4},"end":{"line":71,"column":6}},"28":{"start":{"line":74,"column":29},"end":{"line":74,"column":40}},"29":{"start":{"line":75,"column":31},"end":{"line":75,"column":56}},"30":{"start":{"line":76,"column":23},"end":{"line":76,"column":51}},"31":{"start":{"line":78,"column":2},"end":{"line":160,"column":4}},"32":{"start":{"line":136,"column":16},"end":{"line":141,"column":23}},"33":{"start":{"line":163,"column":15},"end":{"line":363,"column":2}}},"fnMap":{"0":{"name":"(anonymous_0)","decl":{"start":{"line":16,"column":75},"end":{"line":16,"column":76}},"loc":{"start":{"line":19,"column":6},"end":{"line":161,"column":1}},"line":19},"1":{"name":"(anonymous_1)","decl":{"start":{"line":24,"column":12},"end":{"line":24,"column":13}},"loc":{"start":{"line":24,"column":18},"end":{"line":26,"column":3}},"line":24},"2":{"name":"(anonymous_2)","decl":{"start":{"line":28,"column":32},"end":{"line":28,"column":33}},"loc":{"start":{"line":28,"column":44},"end":{"line":39,"column":3}},"line":28},"3":{"name":"(anonymous_3)","decl":{"start":{"line":41,"column":34},"end":{"line":41,"column":35}},"loc":{"start":{"line":41,"column":40},"end":{"line":44,"column":3}},"line":41},"4":{"name":"(anonymous_4)","decl":{"start":{"line":43,"column":46},"end":{"line":43,"column":47}},"loc":{"start":{"line":43,"column":55},"end":{"line":43,"column":83}},"line":43},"5":{"name":"(anonymous_5)","decl":{"start":{"line":46,"column":37},"end":{"line":46,"column":38}},"loc":{"start":{"line":46,"column":43},"end":{"line":52,"column":3}},"line":46},"6":{"name":"(anonymous_6)","decl":{"start":{"line":49,"column":6},"end":{"line":49,"column":7}},"loc":{"start":{"line":49,"column":24},"end":{"line":49,"column":65}},"line":49},"7":{"name":"(anonymous_7)","decl":{"start":{"line":135,"column":40},"end":{"line":135,"column":41}},"loc":{"start":{"line":136,"column":16},"end":{"line":141,"column":23}},"line":136}},"branchMap":{"0":{"loc":{"start":{"line":18,"column":2},"end":{"line":18,"column":16}},"type":"default-arg","locations":[{"start":{"line":18,"column":15},"end":{"line":18,"column":16}}],"line":18},"1":{"loc":{"start":{"line":42,"column":4},"end":{"line":42,"column":64}},"type":"if","locations":[{"start":{"line":42,"column":4},"end":{"line":42,"column":64}},{"start":{},"end":{}}],"line":42},"2":{"loc":{"start":{"line":42,"column":8},"end":{"line":42,"column":52}},"type":"binary-expr","locations":[{"start":{"line":42,"column":8},"end":{"line":42,"column":20}},{"start":{"line":42,"column":24},"end":{"line":42,"column":52}}],"line":42},"3":{"loc":{"start":{"line":43,"column":56},"end":{"line":43,"column":78}},"type":"binary-expr","locations":[{"start":{"line":43,"column":56},"end":{"line":43,"column":73}},{"start":{"line":43,"column":77},"end":{"line":43,"column":78}}],"line":43},"4":{"loc":{"start":{"line":47,"column":4},"end":{"line":47,"column":63}},"type":"if","locations":[{"start":{"line":47,"column":4},"end":{"line":47,"column":63}},{"start":{},"end":{}}],"line":47},"5":{"loc":{"start":{"line":47,"column":8},"end":{"line":47,"column":52}},"type":"binary-expr","locations":[{"start":{"line":47,"column":8},"end":{"line":47,"column":20}},{"start":{"line":47,"column":24},"end":{"line":47,"column":52}}],"line":47},"6":{"loc":{"start":{"line":49,"column":33},"end":{"line":49,"column":64}},"type":"binary-expr","locations":[{"start":{"line":49,"column":33},"end":{"line":49,"column":59}},{"start":{"line":49,"column":63},"end":{"line":49,"column":64}}],"line":49},"7":{"loc":{"start":{"line":54,"column":2},"end":{"line":61,"column":3}},"type":"if","locations":[{"start":{"line":54,"column":2},"end":{"line":61,"column":3}},{"start":{},"end":{}}],"line":54},"8":{"loc":{"start":{"line":63,"column":2},"end":{"line":72,"column":3}},"type":"if","locations":[{"start":{"line":63,"column":2},"end":{"line":72,"column":3}},{"start":{},"end":{}}],"line":63},"9":{"loc":{"start":{"line":63,"column":6},"end":{"line":63,"column":58}},"type":"binary-expr","locations":[{"start":{"line":63,"column":6},"end":{"line":63,"column":11}},{"start":{"line":63,"column":15},"end":{"line":63,"column":27}},{"start":{"line":63,"column":31},"end":{"line":63,"column":58}}],"line":63},"10":{"loc":{"start":{"line":82,"column":9},"end":{"line":86,"column":9}},"type":"binary-expr","locations":[{"start":{"line":82,"column":9},"end":{"line":82,"column":22}},{"start":{"line":83,"column":10},"end":{"line":85,"column":29}}],"line":82},"11":{"loc":{"start":{"line":93,"column":63},"end":{"line":93,"column":100}},"type":"binary-expr","locations":[{"start":{"line":93,"column":63},"end":{"line":93,"column":95}},{"start":{"line":93,"column":99},"end":{"line":93,"column":100}}],"line":93},"12":{"loc":{"start":{"line":96,"column":48},"end":{"line":96,"column":82}},"type":"binary-expr","locations":[{"start":{"line":96,"column":48},"end":{"line":96,"column":77}},{"start":{"line":96,"column":81},"end":{"line":96,"column":82}}],"line":96},"13":{"loc":{"start":{"line":105,"column":30},"end":{"line":105,"column":62}},"type":"binary-expr","locations":[{"start":{"line":105,"column":30},"end":{"line":105,"column":57}},{"start":{"line":105,"column":61},"end":{"line":105,"column":62}}],"line":105},"14":{"loc":{"start":{"line":113,"column":14},"end":{"line":113,"column":106}},"type":"cond-expr","locations":[{"start":{"line":113,"column":61},"end":{"line":113,"column":82}},{"start":{"line":113,"column":85},"end":{"line":113,"column":106}}],"line":113},"15":{"loc":{"start":{"line":113,"column":15},"end":{"line":113,"column":52}},"type":"binary-expr","locations":[{"start":{"line":113,"column":15},"end":{"line":113,"column":47}},{"start":{"line":113,"column":51},"end":{"line":113,"column":52}}],"line":113},"16":{"loc":{"start":{"line":115,"column":30},"end":{"line":115,"column":67}},"type":"binary-expr","locations":[{"start":{"line":115,"column":30},"end":{"line":115,"column":62}},{"start":{"line":115,"column":66},"end":{"line":115,"column":67}}],"line":115},"17":{"loc":{"start":{"line":120,"column":11},"end":{"line":127,"column":11}},"type":"binary-expr","locations":[{"start":{"line":120,"column":11},"end":{"line":120,"column":27}},{"start":{"line":121,"column":12},"end":{"line":126,"column":19}}],"line":120},"18":{"loc":{"start":{"line":131,"column":9},"end":{"line":145,"column":9}},"type":"binary-expr","locations":[{"start":{"line":131,"column":9},"end":{"line":131,"column":40}},{"start":{"line":132,"column":10},"end":{"line":144,"column":17}}],"line":131},"19":{"loc":{"start":{"line":139,"column":36},"end":{"line":139,"column":58}},"type":"binary-expr","locations":[{"start":{"line":139,"column":36},"end":{"line":139,"column":53}},{"start":{"line":139,"column":57},"end":{"line":139,"column":58}}],"line":139},"20":{"loc":{"start":{"line":150,"column":49},"end":{"line":150,"column":91}},"type":"binary-expr","locations":[{"start":{"line":150,"column":49},"end":{"line":150,"column":86}},{"start":{"line":150,"column":90},"end":{"line":150,"column":91}}],"line":150},"21":{"loc":{"start":{"line":154,"column":49},"end":{"line":154,"column":83}},"type":"binary-expr","locations":[{"start":{"line":154,"column":49},"end":{"line":154,"column":78}},{"start":{"line":154,"column":82},"end":{"line":154,"column":83}}],"line":154}},"s":{"0":1,"1":62,"2":62,"3":62,"4":62,"5":32,"6":62,"7":33,"8":33,"9":33,"10":31,"11":2,"12":2,"13":33,"14":62,"15":27,"16":0,"17":27,"18":70,"19":62,"20":27,"21":0,"22":27,"23":70,"24":62,"25":31,"26":31,"27":4,"28":27,"29":27,"30":27,"31":27,"32":65,"33":1},"f":{"0":62,"1":32,"2":33,"3":27,"4":70,"5":27,"6":70,"7":65},"b":{"0":[54],"1":[0,27],"2":[27,27],"3":[70,4],"4":[0,27],"5":[27,27],"6":[70,5],"7":[31,31],"8":[4,27],"9":[31,29,27],"10":[27,2],"11":[27,2],"12":[27,1],"13":[27,2],"14":[26,1],"15":[27,4],"16":[27,4],"17":[27,22],"18":[27,24],"19":[65,0],"20":[27,1],"21":[27,1]},"_coverageSchema":"1a1c01bbd47fc00a2c39e90264f33305004495a9","hash":"9a1eb720b9c6c06b907a88eec95283b0ac5f1088"}
,"/Users/arisela/git/chores-tracker/frontend/src/components/RejectChoreModal.tsx": {"path":"/Users/arisela/git/chores-tracker/frontend/src/components/RejectChoreModal.tsx","statementMap":{"0":{"start":{"line":22,"column":65},"end":{"line":129,"column":1}},"1":{"start":{"line":29,"column":48},"end":{"line":29,"column":60}},"2":{"start":{"line":30,"column":38},"end":{"line":30,"column":53}},"3":{"start":{"line":32,"column":23},"end":{"line":43,"column":3}},"4":{"start":{"line":33,"column":4},"end":{"line":35,"column":5}},"5":{"start":{"line":34,"column":6},"end":{"line":34,"column":13}},"6":{"start":{"line":37,"column":4},"end":{"line":37,"column":24}},"7":{"start":{"line":38,"column":4},"end":{"line":38,"column":37}},"8":{"start":{"line":41,"column":4},"end":{"line":41,"column":27}},"9":{"start":{"line":42,"column":4},"end":{"line":42,"column":25}},"10":{"start":{"line":45,"column":23},"end":{"line":49,"column":3}},"11":{"start":{"line":46,"column":4},"end":{"line":46,"column":27}},"12":{"start":{"line":47,"column":4},"end":{"line":47,"column":25}},"13":{"start":{"line":48,"column":4},"end":{"line":48,"column":15}},"14":{"start":{"line":51,"column":2},"end":{"line":128,"column":4}},"15":{"start":{"line":131,"column":15},"end":{"line":249,"column":2}}},"fnMap":{"0":{"name":"(anonymous_0)","decl":{"start":{"line":22,"column":65},"end":{"line":22,"column":66}},"loc":{"start":{"line":28,"column":6},"end":{"line":129,"column":1}},"line":28},"1":{"name":"(anonymous_1)","decl":{"start":{"line":32,"column":23},"end":{"line":32,"column":24}},"loc":{"start":{"line":32,"column":29},"end":{"line":43,"column":3}},"line":32},"2":{"name":"(anonymous_2)","decl":{"start":{"line":45,"column":23},"end":{"line":45,"column":24}},"loc":{"start":{"line":45,"column":29},"end":{"line":49,"column":3}},"line":45}},"branchMap":{"0":{"loc":{"start":{"line":33,"column":4},"end":{"line":35,"column":5}},"type":"if","locations":[{"start":{"line":33,"column":4},"end":{"line":35,"column":5}},{"start":{},"end":{}}],"line":33},"1":{"loc":{"start":{"line":61,"column":18},"end":{"line":61,"column":62}},"type":"cond-expr","locations":[{"start":{"line":61,"column":42},"end":{"line":61,"column":51}},{"start":{"line":61,"column":54},"end":{"line":61,"column":62}}],"line":61},"2":{"loc":{"start":{"line":110,"column":20},"end":{"line":110,"column":84}},"type":"binary-expr","locations":[{"start":{"line":110,"column":21},"end":{"line":110,"column":44}},{"start":{"line":110,"column":48},"end":{"line":110,"column":58}},{"start":{"line":110,"column":63},"end":{"line":110,"column":84}}],"line":110},"3":{"loc":{"start":{"line":113,"column":28},"end":{"line":113,"column":65}},"type":"binary-expr","locations":[{"start":{"line":113,"column":28},"end":{"line":113,"column":51}},{"start":{"line":113,"column":55},"end":{"line":113,"column":65}}],"line":113},"4":{"loc":{"start":{"line":117,"column":20},"end":{"line":117,"column":88}},"type":"binary-expr","locations":[{"start":{"line":117,"column":21},"end":{"line":117,"column":44}},{"start":{"line":117,"column":48},"end":{"line":117,"column":58}},{"start":{"line":117,"column":63},"end":{"line":117,"column":88}}],"line":117},"5":{"loc":{"start":{"line":119,"column":21},"end":{"line":119,"column":65}},"type":"cond-expr","locations":[{"start":{"line":119,"column":34},"end":{"line":119,"column":48}},{"start":{"line":119,"column":51},"end":{"line":119,"column":65}}],"line":119}},"s":{"0":1,"1":32,"2":32,"3":32,"4":0,"5":0,"6":0,"7":0,"8":0,"9":0,"10":32,"11":1,"12":1,"13":1,"14":32,"15":1},"f":{"0":32,"1":0,"2":1},"b":{"0":[0,0],"1":[32,0],"2":[32,0,32],"3":[32,0],"4":[32,0,32],"5":[0,32]},"_coverageSchema":"1a1c01bbd47fc00a2c39e90264f33305004495a9","hash":"c48cf7a9b24bb234e9f03646b12ecad556acf197"}
,"/Users/arisela/git/chores-tracker/frontend/src/contexts/AuthContext.tsx": {"path":"/Users/arisela/git/chores-tracker/frontend/src/contexts/AuthContext.tsx","statementMap":{"0":{"start":{"line":22,"column":20},"end":{"line":22,"column":73}},"1":{"start":{"line":28,"column":17},"end":{"line":28,"column":39}},"2":{"start":{"line":30,"column":57},"end":{"line":143,"column":1}},"3":{"start":{"line":31,"column":48},"end":{"line":31,"column":63}},"4":{"start":{"line":32,"column":36},"end":{"line":32,"column":50}},"5":{"start":{"line":33,"column":26},"end":{"line":33,"column":53}},"6":{"start":{"line":36,"column":2},"end":{"line":38,"column":9}},"7":{"start":{"line":37,"column":4},"end":{"line":37,"column":22}},"8":{"start":{"line":40,"column":26},"end":{"line":83,"column":3}},"9":{"start":{"line":41,"column":4},"end":{"line":82,"column":5}},"10":{"start":{"line":42,"column":6},"end":{"line":42,"column":25}},"11":{"start":{"line":43,"column":20},"end":{"line":43,"column":44}},"12":{"start":{"line":45,"column":6},"end":{"line":75,"column":7}},"13":{"start":{"line":47,"column":8},"end":{"line":71,"column":9}},"14":{"start":{"line":48,"column":31},"end":{"line":48,"column":61}},"15":{"start":{"line":49,"column":33},"end":{"line":55,"column":11}},"16":{"start":{"line":56,"column":10},"end":{"line":56,"column":73}},"17":{"start":{"line":57,"column":10},"end":{"line":57,"column":28}},"18":{"start":{"line":58,"column":10},"end":{"line":58,"column":35}},"19":{"start":{"line":61,"column":29},"end":{"line":61,"column":65}},"20":{"start":{"line":62,"column":10},"end":{"line":70,"column":11}},"21":{"start":{"line":63,"column":12},"end":{"line":63,"column":44}},"22":{"start":{"line":64,"column":12},"end":{"line":64,"column":37}},"23":{"start":{"line":67,"column":12},"end":{"line":67,"column":38}},"24":{"start":{"line":68,"column":12},"end":{"line":68,"column":26}},"25":{"start":{"line":69,"column":12},"end":{"line":69,"column":35}},"26":{"start":{"line":73,"column":8},"end":{"line":73,"column":34}},"27":{"start":{"line":74,"column":8},"end":{"line":74,"column":22}},"28":{"start":{"line":77,"column":6},"end":{"line":77,"column":58}},"29":{"start":{"line":78,"column":6},"end":{"line":78,"column":32}},"30":{"start":{"line":79,"column":6},"end":{"line":79,"column":20}},"31":{"start":{"line":81,"column":6},"end":{"line":81,"column":26}},"32":{"start":{"line":85,"column":16},"end":{"line":108,"column":3}},"33":{"start":{"line":86,"column":4},"end":{"line":107,"column":5}},"34":{"start":{"line":87,"column":6},"end":{"line":87,"column":25}},"35":{"start":{"line":88,"column":23},"end":{"line":88,"column":62}},"36":{"start":{"line":91,"column":29},"end":{"line":97,"column":7}},"37":{"start":{"line":99,"column":6},"end":{"line":99,"column":69}},"38":{"start":{"line":100,"column":6},"end":{"line":100,"column":24}},"39":{"start":{"line":101,"column":6},"end":{"line":101,"column":31}},"40":{"start":{"line":103,"column":6},"end":{"line":103,"column":56}},"41":{"start":{"line":104,"column":6},"end":{"line":104,"column":18}},"42":{"start":{"line":106,"column":6},"end":{"line":106,"column":26}},"43":{"start":{"line":110,"column":17},"end":{"line":127,"column":3}},"44":{"start":{"line":111,"column":4},"end":{"line":126,"column":5}},"45":{"start":{"line":112,"column":6},"end":{"line":112,"column":25}},"46":{"start":{"line":113,"column":6},"end":{"line":113,"column":29}},"47":{"start":{"line":115,"column":6},"end":{"line":115,"column":44}},"48":{"start":{"line":118,"column":6},"end":{"line":122,"column":7}},"49":{"start":{"line":119,"column":8},"end":{"line":119,"column":48}},"50":{"start":{"line":121,"column":8},"end":{"line":121,"column":62}},"51":{"start":{"line":123,"column":6},"end":{"line":123,"column":20}},"52":{"start":{"line":124,"column":6},"end":{"line":124,"column":32}},"53":{"start":{"line":125,"column":6},"end":{"line":125,"column":26}},"54":{"start":{"line":129,"column":2},"end":{"line":142,"column":4}},"55":{"start":{"line":145,"column":23},"end":{"line":151,"column":1}},"56":{"start":{"line":146,"column":18},"end":{"line":146,"column":41}},"57":{"start":{"line":147,"column":2},"end":{"line":149,"column":3}},"58":{"start":{"line":148,"column":4},"end":{"line":148,"column":67}},"59":{"start":{"line":150,"column":2},"end":{"line":150,"column":17}}},"fnMap":{"0":{"name":"(anonymous_0)","decl":{"start":{"line":30,"column":57},"end":{"line":30,"column":58}},"loc":{"start":{"line":30,"column":75},"end":{"line":143,"column":1}},"line":30},"1":{"name":"(anonymous_1)","decl":{"start":{"line":36,"column":12},"end":{"line":36,"column":13}},"loc":{"start":{"line":36,"column":18},"end":{"line":38,"column":3}},"line":36},"2":{"name":"(anonymous_2)","decl":{"start":{"line":40,"column":26},"end":{"line":40,"column":27}},"loc":{"start":{"line":40,"column":38},"end":{"line":83,"column":3}},"line":40},"3":{"name":"(anonymous_3)","decl":{"start":{"line":85,"column":16},"end":{"line":85,"column":17}},"loc":{"start":{"line":85,"column":62},"end":{"line":108,"column":3}},"line":85},"4":{"name":"(anonymous_4)","decl":{"start":{"line":110,"column":17},"end":{"line":110,"column":18}},"loc":{"start":{"line":110,"column":29},"end":{"line":127,"column":3}},"line":110},"5":{"name":"(anonymous_5)","decl":{"start":{"line":145,"column":23},"end":{"line":145,"column":24}},"loc":{"start":{"line":145,"column":29},"end":{"line":151,"column":1}},"line":145}},"branchMap":{"0":{"loc":{"start":{"line":45,"column":6},"end":{"line":75,"column":7}},"type":"if","locations":[{"start":{"line":45,"column":6},"end":{"line":75,"column":7}},{"start":{"line":72,"column":13},"end":{"line":75,"column":7}}],"line":45},"1":{"loc":{"start":{"line":52,"column":18},"end":{"line":52,"column":61}},"type":"cond-expr","locations":[{"start":{"line":52,"column":43},"end":{"line":52,"column":51}},{"start":{"line":52,"column":54},"end":{"line":52,"column":61}}],"line":52},"2":{"loc":{"start":{"line":53,"column":19},"end":{"line":53,"column":50}},"type":"binary-expr","locations":[{"start":{"line":53,"column":19},"end":{"line":53,"column":37}},{"start":{"line":53,"column":41},"end":{"line":53,"column":50}}],"line":53},"3":{"loc":{"start":{"line":54,"column":23},"end":{"line":54,"column":58}},"type":"binary-expr","locations":[{"start":{"line":54,"column":23},"end":{"line":54,"column":45}},{"start":{"line":54,"column":49},"end":{"line":54,"column":58}}],"line":54},"4":{"loc":{"start":{"line":62,"column":10},"end":{"line":70,"column":11}},"type":"if","locations":[{"start":{"line":62,"column":10},"end":{"line":70,"column":11}},{"start":{"line":65,"column":17},"end":{"line":70,"column":11}}],"line":62},"5":{"loc":{"start":{"line":94,"column":14},"end":{"line":94,"column":58}},"type":"cond-expr","locations":[{"start":{"line":94,"column":40},"end":{"line":94,"column":48}},{"start":{"line":94,"column":51},"end":{"line":94,"column":58}}],"line":94},"6":{"loc":{"start":{"line":95,"column":15},"end":{"line":95,"column":47}},"type":"binary-expr","locations":[{"start":{"line":95,"column":15},"end":{"line":95,"column":34}},{"start":{"line":95,"column":38},"end":{"line":95,"column":47}}],"line":95},"7":{"loc":{"start":{"line":96,"column":19},"end":{"line":96,"column":55}},"type":"binary-expr","locations":[{"start":{"line":96,"column":19},"end":{"line":96,"column":42}},{"start":{"line":96,"column":46},"end":{"line":96,"column":55}}],"line":96},"8":{"loc":{"start":{"line":147,"column":2},"end":{"line":149,"column":3}},"type":"if","locations":[{"start":{"line":147,"column":2},"end":{"line":149,"column":3}},{"start":{},"end":{}}],"line":147}},"s":{"0":1,"1":1,"2":1,"3":56,"4":56,"5":56,"6":56,"7":22,"8":56,"9":24,"10":24,"11":24,"12":24,"13":12,"14":12,"15":8,"16":8,"17":8,"18":8,"19":4,"20":3,"21":2,"22":1,"23":1,"24":1,"25":1,"26":12,"27":12,"28":2,"29":2,"30":2,"31":24,"32":56,"33":8,"34":8,"35":8,"36":7,"37":7,"38":7,"39":7,"40":1,"41":1,"42":8,"43":56,"44":3,"45":3,"46":3,"47":1,"48":3,"49":3,"50":0,"51":3,"52":3,"53":3,"54":56,"55":1,"56":58,"57":58,"58":2,"59":56},"f":{"0":56,"1":22,"2":24,"3":8,"4":3,"5":58},"b":{"0":[12,12],"1":[8,0],"2":[8,0],"3":[8,8],"4":[2,1],"5":[3,4],"6":[7,3],"7":[7,6],"8":[2,56]},"_coverageSchema":"1a1c01bbd47fc00a2c39e90264f33305004495a9","hash":"d05e3a81f2f21f68aae6acffbad19f05f6640d45"}
}
