TN:
SF:src/api/activities.ts
FN:69,(anonymous_0)
FN:86,(anonymous_1)
FN:94,(anonymous_2)
FN:102,(anonymous_3)
FN:109,(anonymous_4)
FN:126,(anonymous_5)
FN:143,(anonymous_6)
FNF:7
FNH:3
FNDA:0,(anonymous_0)
FNDA:0,(anonymous_1)
FNDA:0,(anonymous_2)
FNDA:0,(anonymous_3)
FNDA:30,(anonymous_4)
FNDA:30,(anonymous_5)
FNDA:30,(anonymous_6)
DA:57,1
DA:65,1
DA:74,0
DA:75,0
DA:76,0
DA:77,0
DA:79,0
DA:80,0
DA:87,0
DA:88,0
DA:95,0
DA:96,0
DA:103,0
DA:104,0
DA:109,1
DA:110,30
DA:112,20
DA:114,2
DA:116,1
DA:118,2
DA:120,4
DA:122,1
DA:126,1
DA:127,30
DA:129,20
DA:131,2
DA:133,1
DA:135,2
DA:137,4
DA:139,1
DA:143,1
DA:144,30
DA:145,30
DA:146,30
DA:148,30
DA:149,26
DA:150,4
DA:151,1
DA:152,3
DA:153,1
DA:154,1
DA:155,2
DA:156,1
DA:157,1
DA:159,1
LF:45
LH:33
BRDA:75,0,0,0
BRDA:75,0,1,0
BRDA:76,1,0,0
BRDA:76,1,1,0
BRDA:77,2,0,0
BRDA:77,2,1,0
BRDA:86,3,0,0
BRDA:110,4,0,20
BRDA:110,4,1,2
BRDA:110,4,2,1
BRDA:110,4,3,2
BRDA:110,4,4,4
BRDA:110,4,5,1
BRDA:127,5,0,20
BRDA:127,5,1,2
BRDA:127,5,2,1
BRDA:127,5,3,2
BRDA:127,5,4,4
BRDA:127,5,5,1
BRDA:148,6,0,26
BRDA:148,6,1,4
BRDA:150,7,0,1
BRDA:150,7,1,3
BRDA:152,8,0,1
BRDA:152,8,1,2
BRDA:155,9,0,1
BRDA:155,9,1,1
BRDA:162,10,0,1
BRDA:162,10,1,0
BRF:29
BRH:21
end_of_record
TN:
SF:src/api/adjustments.ts
FN:26,(anonymous_0)
FN:37,(anonymous_1)
FN:54,(anonymous_2)
FNF:3
FNH:0
FNDA:0,(anonymous_0)
FNDA:0,(anonymous_1)
FNDA:0,(anonymous_2)
DA:24,0
DA:27,0
DA:28,0
DA:29,0
DA:31,0
DA:32,0
DA:42,0
DA:43,0
DA:46,0
DA:48,0
DA:49,0
DA:55,0
DA:56,0
DA:57,0
DA:59,0
DA:60,0
LF:16
LH:0
BRDA:39,0,0,0
BRDA:40,1,0,0
BRF:2
BRH:0
end_of_record
TN:
SF:src/api/balance.ts
FN:13,(anonymous_0)
FNF:1
FNH:1
FNDA:23,(anonymous_0)
DA:11,1
DA:14,23
DA:15,23
DA:16,22
DA:18,1
DA:19,1
LF:6
LH:6
BRF:0
BRH:0
end_of_record
TN:
SF:src/api/chores.ts
FN:35,(anonymous_0)
FN:50,(anonymous_1)
FN:61,(anonymous_2)
FN:72,(anonymous_3)
FN:83,(anonymous_4)
FN:97,(anonymous_5)
FN:111,(anonymous_6)
FN:122,(anonymous_7)
FN:133,(anonymous_8)
FN:155,(anonymous_9)
FN:178,(anonymous_10)
FN:189,(anonymous_11)
FN:200,(anonymous_12)
FNF:13
FNH:13
FNDA:12,(anonymous_0)
FNDA:3,(anonymous_1)
FNDA:3,(anonymous_2)
FNDA:3,(anonymous_3)
FNDA:4,(anonymous_4)
FNDA:3,(anonymous_5)
FNDA:4,(anonymous_6)
FNDA:3,(anonymous_7)
FNDA:6,(anonymous_8)
FNDA:5,(anonymous_9)
FNDA:2,(anonymous_10)
FNDA:2,(anonymous_11)
FNDA:3,(anonymous_12)
DA:33,1
DA:36,12
DA:37,12
DA:38,12
DA:39,6
DA:41,12
DA:42,9
DA:44,3
DA:45,3
DA:51,3
DA:52,3
DA:53,2
DA:55,1
DA:56,1
DA:62,3
DA:63,3
DA:64,1
DA:66,2
DA:67,2
DA:73,3
DA:74,3
DA:75,2
DA:77,1
DA:78,1
DA:84,4
DA:85,4
DA:86,4
DA:87,2
DA:89,4
DA:90,3
DA:92,1
DA:93,1
DA:98,3
DA:99,3
DA:102,3
DA:103,2
DA:105,1
DA:106,1
DA:112,4
DA:113,4
DA:114,3
DA:116,1
DA:117,1
DA:123,3
DA:124,3
DA:125,3
DA:127,0
DA:128,0
DA:144,6
DA:146,6
DA:147,4
DA:149,2
DA:150,2
DA:167,5
DA:169,5
DA:170,4
DA:172,1
DA:173,1
DA:179,2
DA:180,2
DA:181,1
DA:183,1
DA:184,1
DA:190,2
DA:191,2
DA:192,1
DA:194,1
DA:195,1
DA:201,3
DA:202,3
DA:204,2
DA:205,2
LF:72
LH:70
BRDA:38,0,0,6
BRDA:38,0,1,6
BRDA:86,1,0,2
BRDA:86,1,1,2
BRF:4
BRH:4
end_of_record
TN:
SF:src/api/client.ts
FN:20,(anonymous_0)
FN:31,(anonymous_1)
FN:38,(anonymous_2)
FN:39,(anonymous_3)
FN:51,(anonymous_4)
FN:98,(anonymous_5)
FN:108,(anonymous_6)
FN:112,(anonymous_7)
FN:116,(anonymous_8)
FNF:9
FNH:5
FNDA:0,(anonymous_0)
FNDA:0,(anonymous_1)
FNDA:0,(anonymous_2)
FNDA:0,(anonymous_3)
FNDA:7,(anonymous_4)
FNDA:4,(anonymous_5)
FNDA:1,(anonymous_6)
FNDA:3,(anonymous_7)
FNDA:3,(anonymous_8)
DA:6,4
DA:7,4
DA:10,4
DA:19,4
DA:21,0
DA:22,0
DA:23,0
DA:24,0
DA:27,0
DA:29,0
DA:32,0
DA:37,4
DA:38,0
DA:40,0
DA:42,0
DA:45,0
DA:50,4
DA:53,7
DA:54,7
DA:55,7
DA:57,7
DA:58,7
DA:60,7
DA:61,7
DA:67,6
DA:68,6
DA:71,6
DA:72,5
DA:73,5
DA:76,5
DA:77,5
DA:78,4
DA:81,4
DA:88,1
DA:90,2
DA:91,2
DA:92,1
DA:94,2
DA:99,4
DA:100,4
DA:101,1
DA:103,3
DA:104,3
DA:109,1
DA:113,3
DA:117,3
DA:118,3
LF:47
LH:36
BRDA:23,0,0,0
BRDA:23,0,1,0
BRDA:23,1,0,0
BRDA:23,1,1,0
BRDA:40,2,0,0
BRDA:40,2,1,0
BRDA:71,3,0,5
BRDA:71,3,1,1
BRDA:91,4,0,1
BRDA:91,4,1,1
BRF:10
BRH:4
end_of_record
TN:
SF:src/api/reports.ts
FN:52,(anonymous_0)
FN:69,(anonymous_1)
FN:88,(anonymous_2)
FN:107,(anonymous_3)
FN:115,(anonymous_4)
FN:124,(anonymous_5)
FNF:6
FNH:0
FNDA:0,(anonymous_0)
FNDA:0,(anonymous_1)
FNDA:0,(anonymous_2)
FNDA:0,(anonymous_3)
FNDA:0,(anonymous_4)
FNDA:0,(anonymous_5)
DA:48,0
DA:57,0
DA:58,0
DA:59,0
DA:60,0
DA:62,0
DA:63,0
DA:75,0
DA:76,0
DA:77,0
DA:78,0
DA:79,0
DA:81,0
DA:82,0
DA:96,0
DA:97,0
DA:98,0
DA:99,0
DA:101,0
DA:102,0
DA:107,0
DA:108,0
DA:115,0
DA:116,0
DA:117,0
DA:124,0
DA:125,0
DA:126,0
LF:28
LH:0
BRDA:58,0,0,0
BRDA:58,0,1,0
BRDA:59,1,0,0
BRDA:59,1,1,0
BRDA:60,2,0,0
BRDA:60,2,1,0
BRDA:76,3,0,0
BRDA:76,3,1,0
BRDA:77,4,0,0
BRDA:77,4,1,0
BRDA:78,5,0,0
BRDA:78,5,1,0
BRDA:79,6,0,0
BRDA:79,6,1,0
BRDA:97,7,0,0
BRDA:97,7,1,0
BRDA:98,8,0,0
BRDA:98,8,1,0
BRDA:99,9,0,0
BRDA:99,9,1,0
BRF:20
BRH:0
end_of_record
TN:
SF:src/api/statistics.ts
FN:74,(anonymous_0)
FN:89,(anonymous_1)
FN:118,(anonymous_2)
FN:126,(anonymous_3)
FN:130,(anonymous_4)
FN:144,(anonymous_5)
FN:153,(anonymous_6)
FN:162,(anonymous_7)
FN:173,(anonymous_8)
FNF:9
FNH:0
FNDA:0,(anonymous_0)
FNDA:0,(anonymous_1)
FNDA:0,(anonymous_2)
FNDA:0,(anonymous_3)
FNDA:0,(anonymous_4)
FNDA:0,(anonymous_5)
FNDA:0,(anonymous_6)
FNDA:0,(anonymous_7)
FNDA:0,(anonymous_8)
DA:70,0
DA:78,0
DA:79,0
DA:80,0
DA:82,0
DA:83,0
DA:93,0
DA:94,0
DA:95,0
DA:97,0
DA:98,0
DA:118,0
DA:119,0
DA:126,0
DA:127,0
DA:130,0
DA:131,0
DA:132,0
DA:134,0
DA:135,0
DA:137,0
DA:138,0
DA:141,0
DA:144,0
DA:145,0
DA:146,0
DA:147,0
DA:148,0
DA:149,0
DA:153,0
DA:154,0
DA:155,0
DA:156,0
DA:157,0
DA:158,0
DA:162,0
DA:163,0
DA:165,0
DA:166,0
DA:168,0
DA:170,0
DA:173,0
DA:174,0
DA:176,0
DA:177,0
DA:179,0
DA:181,0
LF:47
LH:0
BRDA:79,0,0,0
BRDA:79,0,1,0
BRDA:80,1,0,0
BRDA:80,1,1,0
BRDA:94,2,0,0
BRDA:94,2,1,0
BRDA:95,3,0,0
BRDA:95,3,1,0
BRDA:127,4,0,0
BRDA:127,4,1,0
BRDA:137,5,0,0
BRDA:137,5,1,0
BRDA:145,6,0,0
BRDA:145,6,1,0
BRDA:145,6,2,0
BRDA:145,6,3,0
BRDA:154,7,0,0
BRDA:154,7,1,0
BRDA:154,7,2,0
BRDA:154,7,3,0
BRDA:163,8,0,0
BRDA:163,8,1,0
BRDA:165,9,0,0
BRDA:165,9,1,0
BRDA:166,10,0,0
BRDA:166,10,1,0
BRDA:168,11,0,0
BRDA:168,11,1,0
BRDA:168,12,0,0
BRDA:168,12,1,0
BRDA:174,13,0,0
BRDA:174,13,1,0
BRDA:176,14,0,0
BRDA:176,14,1,0
BRDA:177,15,0,0
BRDA:177,15,1,0
BRDA:179,16,0,0
BRDA:179,16,1,0
BRDA:179,17,0,0
BRDA:179,17,1,0
BRF:40
BRH:0
end_of_record
TN:
SF:src/api/users.ts
FN:28,(anonymous_0)
FN:39,(anonymous_1)
FN:50,(anonymous_2)
FN:61,(anonymous_3)
FN:82,(anonymous_4)
FNF:5
FNH:5
FNDA:10,(anonymous_0)
FNDA:4,(anonymous_1)
FNDA:5,(anonymous_2)
FNDA:2,(anonymous_3)
FNDA:3,(anonymous_4)
DA:26,1
DA:29,10
DA:30,10
DA:31,9
DA:33,1
DA:34,1
DA:40,4
DA:41,4
DA:42,4
DA:44,0
DA:45,0
DA:51,5
DA:52,5
DA:53,5
DA:55,0
DA:56,0
DA:65,2
DA:68,2
DA:74,2
DA:76,0
DA:77,0
DA:83,3
DA:85,3
DA:94,3
DA:96,0
DA:97,0
LF:26
LH:18
BRF:0
BRH:0
end_of_record
TN:
SF:src/components/ActivityCard.tsx
FN:15,(anonymous_0)
FN:20,(anonymous_1)
FNF:2
FNH:2
FNDA:99,(anonymous_0)
FNDA:99,(anonymous_1)
DA:15,2
DA:16,99
DA:17,99
DA:18,99
DA:20,99
DA:21,99
DA:22,99
DA:24,2
DA:25,2
DA:27,0
DA:29,4
DA:30,3
DA:31,3
DA:33,1
DA:35,2
DA:36,2
DA:38,0
DA:40,92
DA:43,99
DA:44,99
DA:47,99
DA:100,2
LF:22
LH:20
BRDA:22,0,0,2
BRDA:22,0,1,4
BRDA:22,0,2,2
BRDA:24,1,0,2
BRDA:24,1,1,0
BRDA:29,2,0,3
BRDA:29,2,1,1
BRDA:31,3,0,2
BRDA:31,3,1,1
BRDA:35,4,0,2
BRDA:35,4,1,0
BRDA:44,5,0,99
BRDA:44,5,1,97
BRDA:52,6,0,70
BRDA:52,6,1,29
BRDA:68,7,0,99
BRDA:68,7,1,1
BRDA:81,8,0,99
BRDA:81,8,1,7
BRDA:86,9,0,1
BRDA:86,9,1,6
BRDA:86,10,0,7
BRDA:86,10,1,5
BRDA:86,10,2,3
BRF:24
BRH:22
end_of_record
TN:
SF:src/components/ActivityFeed.tsx
FN:22,(anonymous_0)
FN:35,(anonymous_1)
FN:47,(anonymous_2)
FN:64,(anonymous_3)
FN:68,(anonymous_4)
FN:73,(anonymous_5)
FN:80,(anonymous_6)
FN:104,(anonymous_7)
FN:107,(anonymous_8)
FN:111,(anonymous_9)
FN:121,(anonymous_10)
FN:126,(anonymous_11)
FN:132,(anonymous_12)
FN:173,(anonymous_13)
FNF:14
FNH:11
FNDA:52,(anonymous_0)
FNDA:28,(anonymous_1)
FNDA:0,(anonymous_2)
FNDA:27,(anonymous_3)
FNDA:0,(anonymous_4)
FNDA:0,(anonymous_5)
FNDA:3,(anonymous_6)
FNDA:69,(anonymous_7)
FNDA:3,(anonymous_8)
FNDA:3,(anonymous_9)
FNDA:3,(anonymous_10)
FNDA:1,(anonymous_11)
FNDA:26,(anonymous_12)
FNDA:91,(anonymous_13)
DA:22,1
DA:28,52
DA:29,52
DA:30,52
DA:31,52
DA:32,52
DA:33,52
DA:35,52
DA:36,28
DA:37,28
DA:39,28
DA:44,25
DA:45,25
DA:47,0
DA:50,25
DA:52,3
DA:53,3
DA:54,3
DA:55,3
DA:58,28
DA:59,28
DA:60,28
DA:64,52
DA:65,27
DA:68,52
DA:69,0
DA:70,0
DA:73,52
DA:74,0
DA:75,0
DA:76,0
DA:80,52
DA:81,3
DA:82,1
DA:85,2
DA:86,2
DA:87,1
DA:89,2
DA:90,1
DA:92,2
DA:93,1
DA:96,2
DA:104,52
DA:105,69
DA:107,3
DA:111,52
DA:112,3
DA:121,52
DA:122,3
DA:126,1
DA:132,52
DA:133,26
DA:135,0
DA:143,52
DA:144,23
DA:152,29
DA:153,3
DA:156,26
DA:173,91
DA:195,1
LF:60
LH:53
BRDA:23,0,0,50
BRDA:24,1,0,48
BRDA:26,2,0,46
BRDA:35,3,0,28
BRDA:35,4,0,28
BRDA:44,5,0,25
BRDA:44,5,1,0
BRDA:45,6,0,25
BRDA:45,6,1,1
BRDA:47,7,0,0
BRDA:47,7,1,0
BRDA:54,8,0,3
BRDA:54,8,1,0
BRDA:74,9,0,0
BRDA:74,9,1,0
BRDA:74,10,0,0
BRDA:74,10,1,0
BRDA:74,10,2,0
BRDA:74,11,0,0
BRDA:74,11,1,0
BRDA:76,12,0,0
BRDA:76,12,1,0
BRDA:81,13,0,1
BRDA:81,13,1,2
BRDA:86,14,0,1
BRDA:86,14,1,1
BRDA:89,15,0,1
BRDA:89,15,1,1
BRDA:92,16,0,1
BRDA:92,16,1,1
BRDA:98,17,0,1
BRDA:98,17,1,1
BRDA:133,18,0,26
BRDA:133,18,1,0
BRDA:143,19,0,23
BRDA:143,19,1,29
BRDA:143,20,0,52
BRDA:143,20,1,23
BRDA:143,21,0,23
BRDA:143,21,1,23
BRDA:152,22,0,3
BRDA:152,22,1,26
BRDA:152,23,0,29
BRDA:152,23,1,3
BRDA:152,24,0,3
BRDA:152,24,1,3
BRDA:158,25,0,26
BRDA:158,25,1,25
BRDA:161,26,0,25
BRDA:161,26,1,22
BRDA:161,27,0,25
BRDA:161,27,1,3
BRDA:163,28,0,22
BRDA:163,28,1,0
BRDA:163,29,0,2
BRDA:163,29,1,20
BRDA:163,30,0,22
BRDA:163,30,1,0
BRDA:171,31,0,26
BRDA:171,31,1,0
BRDA:187,32,0,3
BRDA:187,32,1,23
BRDA:187,33,0,26
BRDA:187,33,1,3
BRF:64
BRH:47
end_of_record
TN:
SF:src/components/ChildCard.tsx
FN:12,(anonymous_0)
FN:15,(anonymous_1)
FN:18,(anonymous_2)
FN:24,(anonymous_3)
FNF:4
FNH:4
FNDA:28,(anonymous_0)
FNDA:172,(anonymous_1)
FNDA:172,(anonymous_2)
FNDA:163,(anonymous_3)
DA:12,1
DA:13,28
DA:15,28
DA:16,172
DA:18,28
DA:19,172
DA:22,28
DA:25,163
DA:29,28
DA:69,1
LF:10
LH:10
BRDA:15,0,0,28
BRDA:15,0,1,4
BRDA:16,1,0,172
BRDA:16,1,1,97
BRDA:16,1,2,97
BRDA:18,2,0,28
BRDA:18,2,1,6
BRDA:19,3,0,172
BRDA:19,3,1,130
BRDA:22,4,0,3
BRDA:22,4,1,25
BRDA:24,5,0,25
BRDA:24,5,1,5
BRDA:25,6,0,163
BRDA:25,6,1,94
BRDA:25,6,2,94
BRDA:25,6,3,72
BRDA:25,6,4,48
BRDA:35,7,0,27
BRDA:35,7,1,1
BRDA:59,8,0,28
BRDA:59,8,1,4
BRF:22
BRH:22
end_of_record
TN:
SF:src/components/ChoreCard.tsx
FN:15,(anonymous_0)
FN:26,(anonymous_1)
FN:46,(anonymous_2)
FN:71,(anonymous_3)
FN:105,(anonymous_4)
FN:126,(anonymous_5)
FN:145,(anonymous_6)
FNF:7
FNH:7
FNDA:45,(anonymous_0)
FNDA:45,(anonymous_1)
FNDA:45,(anonymous_2)
FNDA:11,(anonymous_3)
FNDA:3,(anonymous_4)
FNDA:2,(anonymous_5)
FNDA:1,(anonymous_6)
DA:15,1
DA:24,45
DA:25,45
DA:26,45
DA:27,45
DA:30,38
DA:33,34
DA:35,34
DA:36,31
DA:37,31
DA:38,7
DA:39,7
DA:40,6
DA:43,25
DA:46,45
DA:48,45
DA:49,2
DA:53,43
DA:54,43
DA:55,1
DA:59,42
DA:60,1
DA:64,41
DA:65,40
DA:68,1
DA:71,45
DA:73,11
DA:74,11
DA:75,10
DA:76,1
DA:78,9
DA:81,45
DA:106,3
DA:107,3
DA:108,3
DA:127,2
DA:128,2
DA:129,2
DA:146,1
DA:147,1
DA:148,1
DA:166,1
LF:42
LH:42
BRDA:20,0,0,33
BRDA:21,1,0,35
BRDA:22,2,0,44
BRDA:27,3,0,7
BRDA:27,3,1,38
BRDA:30,4,0,4
BRDA:30,4,1,34
BRDA:30,5,0,38
BRDA:30,5,1,34
BRDA:33,6,0,34
BRDA:33,6,1,31
BRDA:33,6,2,31
BRDA:35,7,0,3
BRDA:35,7,1,31
BRDA:35,8,0,34
BRDA:35,8,1,3
BRDA:35,8,2,3
BRDA:36,9,0,0
BRDA:36,9,1,31
BRDA:37,10,0,7
BRDA:37,10,1,24
BRDA:39,11,0,6
BRDA:39,11,1,1
BRDA:48,12,0,2
BRDA:48,12,1,43
BRDA:53,13,0,43
BRDA:53,13,1,41
BRDA:54,14,0,1
BRDA:54,14,1,42
BRDA:54,15,0,43
BRDA:54,15,1,3
BRDA:54,15,2,1
BRDA:59,16,0,1
BRDA:59,16,1,41
BRDA:59,17,0,42
BRDA:59,17,1,2
BRDA:59,17,2,1
BRDA:64,18,0,40
BRDA:64,18,1,1
BRDA:73,19,0,11
BRDA:73,19,1,10
BRDA:73,19,2,10
BRDA:74,20,0,1
BRDA:74,20,1,10
BRDA:75,21,0,1
BRDA:75,21,1,9
BRDA:88,22,0,45
BRDA:88,22,1,44
BRDA:95,23,0,45
BRDA:95,23,1,6
BRDA:97,24,0,5
BRDA:97,24,1,1
BRDA:102,25,0,45
BRDA:102,25,1,11
BRDA:102,25,2,9
BRDA:102,25,3,9
BRDA:102,25,4,8
BRDA:102,26,0,9
BRDA:102,26,1,9
BRDA:102,26,2,9
BRDA:104,27,0,8
BRDA:104,27,1,0
BRDA:113,28,0,0
BRDA:113,28,1,8
BRDA:121,29,0,45
BRDA:121,29,1,9
BRDA:123,30,0,9
BRDA:123,30,1,5
BRDA:123,30,2,5
BRDA:125,31,0,5
BRDA:125,31,1,0
BRDA:134,32,0,0
BRDA:134,32,1,5
BRDA:142,33,0,9
BRDA:142,33,1,4
BRDA:142,33,2,4
BRDA:144,34,0,4
BRDA:144,34,1,0
BRDA:153,35,0,0
BRDA:153,35,1,4
BRF:80
BRH:73
end_of_record
TN:
SF:src/components/FinancialSummaryCards.tsx
FN:16,(anonymous_0)
FN:24,(anonymous_1)
FN:28,(anonymous_2)
FN:41,(anonymous_3)
FN:43,(anonymous_4)
FN:46,(anonymous_5)
FN:49,(anonymous_6)
FN:135,(anonymous_7)
FNF:8
FNH:8
FNDA:62,(anonymous_0)
FNDA:32,(anonymous_1)
FNDA:33,(anonymous_2)
FNDA:27,(anonymous_3)
FNDA:70,(anonymous_4)
FNDA:27,(anonymous_5)
FNDA:70,(anonymous_6)
FNDA:65,(anonymous_7)
DA:16,1
DA:20,62
DA:21,62
DA:22,62
DA:24,62
DA:25,32
DA:28,62
DA:29,33
DA:30,33
DA:31,33
DA:32,31
DA:34,2
DA:35,2
DA:37,33
DA:41,62
DA:42,27
DA:43,70
DA:46,62
DA:47,27
DA:48,27
DA:49,70
DA:54,62
DA:55,31
DA:63,31
DA:64,4
DA:74,27
DA:75,27
DA:76,27
DA:78,27
DA:136,65
DA:163,1
LF:31
LH:31
BRDA:18,0,0,54
BRDA:42,1,0,0
BRDA:42,1,1,27
BRDA:42,2,0,27
BRDA:42,2,1,27
BRDA:43,3,0,70
BRDA:43,3,1,4
BRDA:47,4,0,0
BRDA:47,4,1,27
BRDA:47,5,0,27
BRDA:47,5,1,27
BRDA:49,6,0,70
BRDA:49,6,1,5
BRDA:54,7,0,31
BRDA:54,7,1,31
BRDA:63,8,0,4
BRDA:63,8,1,27
BRDA:63,9,0,31
BRDA:63,9,1,29
BRDA:63,9,2,27
BRDA:82,10,0,27
BRDA:82,10,1,2
BRDA:93,11,0,27
BRDA:93,11,1,2
BRDA:96,12,0,27
BRDA:96,12,1,1
BRDA:105,13,0,27
BRDA:105,13,1,2
BRDA:113,14,0,26
BRDA:113,14,1,1
BRDA:113,15,0,27
BRDA:113,15,1,4
BRDA:115,16,0,27
BRDA:115,16,1,4
BRDA:120,17,0,27
BRDA:120,17,1,22
BRDA:131,18,0,27
BRDA:131,18,1,24
BRDA:139,19,0,65
BRDA:139,19,1,0
BRDA:150,20,0,27
BRDA:150,20,1,1
BRDA:154,21,0,27
BRDA:154,21,1,1
BRF:44
BRH:41
end_of_record
TN:
SF:src/components/RejectChoreModal.tsx
FN:22,(anonymous_0)
FN:32,(anonymous_1)
FN:45,(anonymous_2)
FNF:3
FNH:2
FNDA:32,(anonymous_0)
FNDA:0,(anonymous_1)
FNDA:1,(anonymous_2)
DA:22,1
DA:29,32
DA:30,32
DA:32,32
DA:33,0
DA:34,0
DA:37,0
DA:38,0
DA:41,0
DA:42,0
DA:45,32
DA:46,1
DA:47,1
DA:48,1
DA:51,32
DA:131,1
LF:16
LH:10
BRDA:33,0,0,0
BRDA:33,0,1,0
BRDA:61,1,0,32
BRDA:61,1,1,0
BRDA:110,2,0,32
BRDA:110,2,1,0
BRDA:110,2,2,32
BRDA:113,3,0,32
BRDA:113,3,1,0
BRDA:117,4,0,32
BRDA:117,4,1,0
BRDA:117,4,2,32
BRDA:119,5,0,0
BRDA:119,5,1,32
BRF:14
BRH:7
end_of_record
TN:
SF:src/contexts/AuthContext.tsx
FN:30,(anonymous_0)
FN:36,(anonymous_1)
FN:40,(anonymous_2)
FN:85,(anonymous_3)
FN:110,(anonymous_4)
FN:145,(anonymous_5)
FNF:6
FNH:6
FNDA:56,(anonymous_0)
FNDA:22,(anonymous_1)
FNDA:24,(anonymous_2)
FNDA:8,(anonymous_3)
FNDA:3,(anonymous_4)
FNDA:58,(anonymous_5)
DA:22,1
DA:28,1
DA:30,1
DA:31,56
DA:32,56
DA:33,56
DA:36,56
DA:37,22
DA:40,56
DA:41,24
DA:42,24
DA:43,24
DA:45,24
DA:47,12
DA:48,12
DA:49,8
DA:56,8
DA:57,8
DA:58,8
DA:61,4
DA:62,3
DA:63,2
DA:64,1
DA:67,1
DA:68,1
DA:69,1
DA:73,12
DA:74,12
DA:77,2
DA:78,2
DA:79,2
DA:81,24
DA:85,56
DA:86,8
DA:87,8
DA:88,8
DA:91,7
DA:99,7
DA:100,7
DA:101,7
DA:103,1
DA:104,1
DA:106,8
DA:110,56
DA:111,3
DA:112,3
DA:113,3
DA:115,1
DA:118,3
DA:119,3
DA:121,0
DA:123,3
DA:124,3
DA:125,3
DA:129,56
DA:145,1
DA:146,58
DA:147,58
DA:148,2
DA:150,56
LF:60
LH:59
BRDA:45,0,0,12
BRDA:45,0,1,12
BRDA:52,1,0,8
BRDA:52,1,1,0
BRDA:53,2,0,8
BRDA:53,2,1,0
BRDA:54,3,0,8
BRDA:54,3,1,8
BRDA:62,4,0,2
BRDA:62,4,1,1
BRDA:94,5,0,3
BRDA:94,5,1,4
BRDA:95,6,0,7
BRDA:95,6,1,3
BRDA:96,7,0,7
BRDA:96,7,1,6
BRDA:147,8,0,2
BRDA:147,8,1,56
BRF:18
BRH:16
end_of_record
