2025-08-20T16:00:31.7430034Z ##[group]Run echo "🔍 Checking TypeScript compilation..."
2025-08-20T16:00:31.7430477Z [36;1mecho "🔍 Checking TypeScript compilation..."[0m
2025-08-20T16:00:31.7430780Z [36;1mif npm run type-check; then[0m
2025-08-20T16:00:31.7431051Z [36;1m  echo "✅ TypeScript compilation successful"[0m
2025-08-20T16:00:31.7431311Z [36;1melse[0m
2025-08-20T16:00:31.7431528Z [36;1m  echo "⚠️  TypeScript compilation errors found"[0m
2025-08-20T16:00:31.7431941Z [36;1m  echo "Note: CI will continue, but these should be fixed for production readiness"[0m
2025-08-20T16:00:31.7432357Z [36;1m  echo "See the logs above for specific error details"[0m
2025-08-20T16:00:31.7432640Z [36;1mfi[0m
2025-08-20T16:00:31.7472939Z shell: /usr/bin/bash -e {0}
2025-08-20T16:00:31.7473169Z env:
2025-08-20T16:00:31.7473336Z   NODE_VERSION: 20
2025-08-20T16:00:31.7473523Z   WORKING_DIRECTORY: ./frontend
2025-08-20T16:00:31.7473741Z ##[endgroup]
2025-08-20T16:00:31.7533916Z 🔍 Checking TypeScript compilation...
2025-08-20T16:00:31.8568313Z 
2025-08-20T16:00:31.8568891Z > frontend@1.0.0 type-check
2025-08-20T16:00:31.8569212Z > tsc --noEmit
2025-08-20T16:00:31.8569360Z 
2025-08-20T16:00:36.2137730Z ##[error]src/__tests__/integration/approvalWorkflow.test.tsx(10,10): error TS2614: Module '"../../components/ChildCard"' has no exported member 'ChildCard'. Did you mean to use 'import ChildCard from "../../components/ChildCard"' instead?
2025-08-20T16:00:36.2151975Z ##[error]src/__tests__/integration/approvalWorkflow.test.tsx(69,33): error TS2554: Expected 0-1 arguments, but got 2.
2025-08-20T16:00:36.2153565Z ##[error]src/__tests__/integration/approvalWorkflow.test.tsx(74,33): error TS2554: Expected 0-1 arguments, but got 2.
2025-08-20T16:00:36.2154985Z ##[error]src/__tests__/integration/approvalWorkflow.test.tsx(77,31): error TS2554: Expected 0-1 arguments, but got 2.
2025-08-20T16:00:36.2156345Z ##[error]src/__tests__/integration/approvalWorkflow.test.tsx(87,31): error TS2554: Expected 0-1 arguments, but got 2.
2025-08-20T16:00:36.2157657Z ##[error]src/__tests__/integration/approvalWorkflow.test.tsx(96,31): error TS2554: Expected 0-1 arguments, but got 2.
2025-08-20T16:00:36.2159885Z ##[error]src/__tests__/integration/approvalWorkflow.test.tsx(210,53): error TS2353: Object literal may only specify known properties, and 'success' does not exist in type 'Chore | Promise<Chore>'.
2025-08-20T16:00:36.2161968Z ##[error]src/__tests__/integration/approvalWorkflow.test.tsx(211,52): error TS2353: Object literal may only specify known properties, and 'success' does not exist in type 'Chore | Promise<Chore>'.
2025-08-20T16:00:36.2165635Z ##[error]src/__tests__/integration/approvalWorkflow.test.tsx(212,20): error TS2551: Property 'getChildren' does not exist on type 'Mocked<{ getMe: () => Promise<User>; getMyChildren: () => Promise<ChildWithChores[]>; getAllowanceSummary: () => Promise<ChildAllowanceSummary[]>; createChildAccount: (childData: { ...; }) => Promise<...>; resetChildPassword: (childId: number, newPassword: string) => Promise<...>; }>'. Did you mean 'getMyChildren'?
2025-08-20T16:00:36.2170035Z ##[error]src/__tests__/integration/approvalWorkflow.test.tsx(213,20): error TS2339: Property 'getUserBalance' does not exist on type 'Mocked<{ getMe: () => Promise<User>; getMyChildren: () => Promise<ChildWithChores[]>; getAllowanceSummary: () => Promise<ChildAllowanceSummary[]>; createChildAccount: (childData: { ...; }) => Promise<...>; resetChildPassword: (childId: number, newPassword: string) => Promise<...>; }>'.
2025-08-20T16:00:36.2172819Z ##[error]src/__tests__/integration/approvalWorkflow.test.tsx(214,63): error TS2345: Argument of type 'never[]' is not assignable to parameter of type 'ActivityListResponse | Promise<ActivityListResponse>'.
2025-08-20T16:00:36.2175231Z ##[error]src/__tests__/integration/approvalWorkflow.test.tsx(225,9): error TS2353: Object literal may only specify known properties, and 'assignee' does not exist in type 'Partial<Chore>'.
2025-08-20T16:00:36.2177335Z ##[error]src/__tests__/integration/approvalWorkflow.test.tsx(230,43): error TS2322: Type '{ chore: Chore; onApprovalChange: Mock<any, any, any>; }' is not assignable to type 'IntrinsicAttributes & ChoreCardProps'.
2025-08-20T16:00:36.2179302Z   Property 'onApprovalChange' does not exist on type 'IntrinsicAttributes & ChoreCardProps'.
2025-08-20T16:00:36.2180760Z ##[error]src/__tests__/integration/approvalWorkflow.test.tsx(262,9): error TS2353: Object literal may only specify known properties, and 'needs_approval' does not exist in type 'Partial<Chore>'.
2025-08-20T16:00:36.2182903Z ##[error]src/__tests__/integration/approvalWorkflow.test.tsx(268,45): error TS2322: Type '{ chore: Chore; onApprovalChange: Mock<any, any, any>; }' is not assignable to type 'IntrinsicAttributes & ChoreCardProps'.
2025-08-20T16:00:36.2184224Z   Property 'onApprovalChange' does not exist on type 'IntrinsicAttributes & ChoreCardProps'.
2025-08-20T16:00:36.2185596Z ##[error]src/__tests__/integration/approvalWorkflow.test.tsx(292,9): error TS2353: Object literal may only specify known properties, and 'needs_approval' does not exist in type 'Partial<Chore>'.
2025-08-20T16:00:36.2187698Z ##[error]src/__tests__/integration/approvalWorkflow.test.tsx(298,43): error TS2322: Type '{ chore: Chore; onApprovalChange: Mock<any, any, any>; }' is not assignable to type 'IntrinsicAttributes & ChoreCardProps'.
2025-08-20T16:00:36.2189251Z   Property 'onApprovalChange' does not exist on type 'IntrinsicAttributes & ChoreCardProps'.
2025-08-20T16:00:36.2190661Z ##[error]src/__tests__/integration/approvalWorkflow.test.tsx(315,9): error TS2353: Object literal may only specify known properties, and 'needs_approval' does not exist in type 'Partial<Chore>'.
2025-08-20T16:00:36.2192788Z ##[error]src/__tests__/integration/approvalWorkflow.test.tsx(321,43): error TS2322: Type '{ chore: Chore; onApprovalChange: Mock<any, any, any>; }' is not assignable to type 'IntrinsicAttributes & ChoreCardProps'.
2025-08-20T16:00:36.2194090Z   Property 'onApprovalChange' does not exist on type 'IntrinsicAttributes & ChoreCardProps'.
2025-08-20T16:00:36.2195428Z ##[error]src/__tests__/integration/approvalWorkflow.test.tsx(342,9): error TS2353: Object literal may only specify known properties, and 'assignee' does not exist in type 'Partial<Chore>'.
2025-08-20T16:00:36.2199027Z ##[error]src/__tests__/integration/approvalWorkflow.test.tsx(376,22): error TS2339: Property 'getUserBalance' does not exist on type 'Mocked<{ getMe: () => Promise<User>; getMyChildren: () => Promise<ChildWithChores[]>; getAllowanceSummary: () => Promise<ChildAllowanceSummary[]>; createChildAccount: (childData: { ...; }) => Promise<...>; resetChildPassword: (childId: number, newPassword: string) => Promise<...>; }>'.
2025-08-20T16:00:36.2202607Z ##[error]src/__tests__/integration/approvalWorkflow.test.tsx(412,65): error TS2345: Argument of type '{ id: number; type: string; description: string; amount: number; created_at: string; user: { id: number; username: string; role: string; }; }[]' is not assignable to parameter of type 'ActivityListResponse | Promise<ActivityListResponse>'.
2025-08-20T16:00:36.2205880Z ##[error]src/__tests__/integration/approvalWorkflow.test.tsx(442,65): error TS2345: Argument of type '{ id: number; type: string; description: string; amount: number; created_at: string; user: { id: number; username: string; role: string; }; }[]' is not assignable to parameter of type 'ActivityListResponse | Promise<ActivityListResponse>'.
2025-08-20T16:00:36.2208460Z ##[error]src/__tests__/integration/approvalWorkflow.test.tsx(463,9): error TS2353: Object literal may only specify known properties, and 'needs_approval' does not exist in type 'Partial<Chore>'.
2025-08-20T16:00:36.2211988Z ##[error]src/__tests__/integration/approvalWorkflow.test.tsx(474,22): error TS2339: Property 'getUserBalance' does not exist on type 'Mocked<{ getMe: () => Promise<User>; getMyChildren: () => Promise<ChildWithChores[]>; getAllowanceSummary: () => Promise<ChildAllowanceSummary[]>; createChildAccount: (childData: { ...; }) => Promise<...>; resetChildPassword: (childId: number, newPassword: string) => Promise<...>; }>'.
2025-08-20T16:00:36.2216611Z ##[error]src/__tests__/integration/approvalWorkflow.test.tsx(481,26): error TS2339: Property 'getUserBalance' does not exist on type 'Mocked<{ getMe: () => Promise<User>; getMyChildren: () => Promise<ChildWithChores[]>; getAllowanceSummary: () => Promise<ChildAllowanceSummary[]>; createChildAccount: (childData: { ...; }) => Promise<...>; resetChildPassword: (childId: number, newPassword: string) => Promise<...>; }>'.
2025-08-20T16:00:36.2219624Z ##[error]src/__tests__/integration/approvalWorkflow.test.tsx(491,45): error TS2322: Type '{ chore: Chore; onApprovalChange: Mock<any, any, any>; }' is not assignable to type 'IntrinsicAttributes & ChoreCardProps'.
2025-08-20T16:00:36.2220979Z   Property 'onApprovalChange' does not exist on type 'IntrinsicAttributes & ChoreCardProps'.
2025-08-20T16:00:36.2223790Z ##[error]src/__tests__/integration/approvalWorkflow.test.tsx(514,71): error TS2322: Type '{ chore: { is_approved: true; id: number; title: string; description: string | null; reward: number | null; is_range_reward: boolean; min_reward: number | null; max_reward: number | null; ... 16 more ...; next_available_at?: string | ... 1 more ... | undefined; }; onApprovalChange: Mock<...>; }' is not assignable to type 'IntrinsicAttributes & ChoreCardProps'.
2025-08-20T16:00:36.2225692Z   Property 'onApprovalChange' does not exist on type 'IntrinsicAttributes & ChoreCardProps'.
2025-08-20T16:00:36.2227081Z ##[error]src/__tests__/integration/approvalWorkflow.test.tsx(533,11): error TS2353: Object literal may only specify known properties, and 'needs_approval' does not exist in type 'Partial<Chore>'.
2025-08-20T16:00:36.2229377Z ##[error]src/__tests__/integration/approvalWorkflow.test.tsx(540,11): error TS2353: Object literal may only specify known properties, and 'needs_approval' does not exist in type 'Partial<Chore>'.
2025-08-20T16:00:36.2231564Z ##[error]src/__tests__/integration/approvalWorkflow.test.tsx(549,53): error TS2322: Type '{ key: number; chore: Chore; onApprovalChange: Mock<any, any, any>; }' is not assignable to type 'IntrinsicAttributes & ChoreCardProps'.
2025-08-20T16:00:36.2232942Z   Property 'onApprovalChange' does not exist on type 'IntrinsicAttributes & ChoreCardProps'.
2025-08-20T16:00:36.2234297Z ##[error]src/__tests__/integration/approvalWorkflow.test.tsx(574,9): error TS2353: Object literal may only specify known properties, and 'needs_approval' does not exist in type 'Partial<Chore>'.
2025-08-20T16:00:36.2236381Z ##[error]src/__tests__/integration/approvalWorkflow.test.tsx(580,43): error TS2322: Type '{ chore: Chore; onApprovalChange: Mock<any, any, any>; }' is not assignable to type 'IntrinsicAttributes & ChoreCardProps'.
2025-08-20T16:00:36.2237697Z   Property 'onApprovalChange' does not exist on type 'IntrinsicAttributes & ChoreCardProps'.
2025-08-20T16:00:36.2239283Z ##[error]src/__tests__/integration/approvalWorkflow.test.tsx(600,9): error TS2353: Object literal may only specify known properties, and 'needs_approval' does not exist in type 'Partial<Chore>'.
2025-08-20T16:00:36.2241426Z ##[error]src/__tests__/integration/approvalWorkflow.test.tsx(604,45): error TS2322: Type '{ chore: Chore; onApprovalChange: Mock<any, any, any>; }' is not assignable to type 'IntrinsicAttributes & ChoreCardProps'.
2025-08-20T16:00:36.2242738Z   Property 'onApprovalChange' does not exist on type 'IntrinsicAttributes & ChoreCardProps'.
2025-08-20T16:00:36.2244093Z ##[error]src/__tests__/integration/approvalWorkflow.test.tsx(627,9): error TS2353: Object literal may only specify known properties, and 'needs_approval' does not exist in type 'Partial<Chore>'.
2025-08-20T16:00:36.2246223Z ##[error]src/__tests__/integration/approvalWorkflow.test.tsx(633,43): error TS2322: Type '{ chore: Chore; onApprovalChange: Mock<any, any, any>; }' is not assignable to type 'IntrinsicAttributes & ChoreCardProps'.
2025-08-20T16:00:36.2247734Z   Property 'onApprovalChange' does not exist on type 'IntrinsicAttributes & ChoreCardProps'.
2025-08-20T16:00:36.2248928Z ##[error]src/__tests__/integration/authFlow.test.tsx(461,31): error TS2339: Property 'full_name' does not exist on type 'User'.
2025-08-20T16:00:36.2250524Z ##[error]src/__tests__/integration/choreManagement.test.tsx(91,19): error TS7006: Parameter 'prev' implicitly has an 'any' type.
2025-08-20T16:00:36.2251918Z ##[error]src/__tests__/integration/choreManagement.test.tsx(104,19): error TS7006: Parameter 'prev' implicitly has an 'any' type.
2025-08-20T16:00:36.2253317Z ##[error]src/__tests__/integration/choreManagement.test.tsx(104,36): error TS7006: Parameter 'chore' implicitly has an 'any' type.
2025-08-20T16:00:36.2254712Z ##[error]src/__tests__/integration/choreManagement.test.tsx(119,19): error TS7006: Parameter 'prev' implicitly has an 'any' type.
2025-08-20T16:00:36.2256107Z ##[error]src/__tests__/integration/choreManagement.test.tsx(119,39): error TS7006: Parameter 'chore' implicitly has an 'any' type.
2025-08-20T16:00:36.2257479Z ##[error]src/__tests__/integration/choreManagement.test.tsx(146,29): error TS7006: Parameter 'text' implicitly has an 'any' type.
2025-08-20T16:00:36.2259097Z ##[error]src/__tests__/integration/choreManagement.test.tsx(146,49): error TS7006: Parameter 'prev' implicitly has an 'any' type.
2025-08-20T16:00:36.2260471Z ##[error]src/__tests__/integration/choreManagement.test.tsx(152,29): error TS7006: Parameter 'text' implicitly has an 'any' type.
2025-08-20T16:00:36.2261844Z ##[error]src/__tests__/integration/choreManagement.test.tsx(152,49): error TS7006: Parameter 'prev' implicitly has an 'any' type.
2025-08-20T16:00:36.2263247Z ##[error]src/__tests__/integration/choreManagement.test.tsx(158,29): error TS7006: Parameter 'text' implicitly has an 'any' type.
2025-08-20T16:00:36.2264627Z ##[error]src/__tests__/integration/choreManagement.test.tsx(158,49): error TS7006: Parameter 'prev' implicitly has an 'any' type.
2025-08-20T16:00:36.2266005Z ##[error]src/__tests__/integration/choreManagement.test.tsx(165,29): error TS7006: Parameter 'text' implicitly has an 'any' type.
2025-08-20T16:00:36.2267371Z ##[error]src/__tests__/integration/choreManagement.test.tsx(165,49): error TS7006: Parameter 'prev' implicitly has an 'any' type.
2025-08-20T16:00:36.2269417Z ##[error]src/__tests__/integration/choreManagement.test.tsx(475,56): error TS2353: Object literal may only specify known properties, and 'success' does not exist in type 'Chore | Promise<Chore>'.
2025-08-20T16:00:36.2271378Z ##[error]src/__tests__/integration/choreManagement.test.tsx(642,54): error TS2353: Object literal may only specify known properties, and 'success' does not exist in type 'Promise<void>'.
2025-08-20T16:00:36.2272850Z ##[error]src/api/__tests__/chores.test.ts(572,20): error TS2339: Property 'code' does not exist on type 'Error'.
2025-08-20T16:00:36.2274272Z ##[error]src/api/__tests__/client.test.ts(98,15): error TS2339: Property 'response' does not exist on type 'Error'.
2025-08-20T16:00:36.2275724Z ##[error]src/components/__tests__/ActivityFeed.test.tsx(40,7): error TS2322: Type 'MockActivity[]' is not assignable to type 'Activity[]'.
2025-08-20T16:00:36.2276932Z   Type 'MockActivity' is missing the following properties from type 'Activity': activity_type, activity_data
2025-08-20T16:00:36.2278152Z ##[error]src/components/__tests__/ActivityFeed.test.tsx(92,9): error TS2322: Type 'MockActivity[]' is not assignable to type 'Activity[]'.
2025-08-20T16:00:36.2279344Z   Type 'MockActivity' is missing the following properties from type 'Activity': activity_type, activity_data
2025-08-20T16:00:36.2280401Z ##[error]src/components/__tests__/ActivityFeed.test.tsx(138,11): error TS2322: Type 'MockActivity[]' is not assignable to type 'Activity[]'.
2025-08-20T16:00:36.2281553Z   Type 'MockActivity' is missing the following properties from type 'Activity': activity_type, activity_data
2025-08-20T16:00:36.2282764Z ##[error]src/components/__tests__/ActivityFeed.test.tsx(159,9): error TS2322: Type 'MockActivity[]' is not assignable to type 'Activity[]'.
2025-08-20T16:00:36.2283931Z   Type 'MockActivity' is missing the following properties from type 'Activity': activity_type, activity_data
2025-08-20T16:00:36.2285096Z ##[error]src/components/__tests__/ActivityFeed.test.tsx(204,11): error TS2322: Type 'MockActivity[]' is not assignable to type 'Activity[]'.
2025-08-20T16:00:36.2286249Z   Type 'MockActivity' is missing the following properties from type 'Activity': activity_type, activity_data
2025-08-20T16:00:36.2287267Z ##[error]src/components/__tests__/ActivityFeed.test.tsx(208,11): error TS2322: Type 'MockActivity[]' is not assignable to type 'Activity[]'.
2025-08-20T16:00:36.2288631Z   Type 'MockActivity' is missing the following properties from type 'Activity': activity_type, activity_data
2025-08-20T16:00:36.2289528Z ##[error]src/components/__tests__/ActivityFeed.test.tsx(208,49): error TS2554: Expected 0-1 arguments, but got 2.
2025-08-20T16:00:36.2290956Z ##[error]src/components/__tests__/ActivityFeed.test.tsx(237,9): error TS2322: Type 'MockActivity[]' is not assignable to type 'Activity[]'.
2025-08-20T16:00:36.2292104Z   Type 'MockActivity' is missing the following properties from type 'Activity': activity_type, activity_data
2025-08-20T16:00:36.2293141Z ##[error]src/components/__tests__/ActivityFeed.test.tsx(253,9): error TS2322: Type 'MockActivity[]' is not assignable to type 'Activity[]'.
2025-08-20T16:00:36.2294287Z   Type 'MockActivity' is missing the following properties from type 'Activity': activity_type, activity_data
2025-08-20T16:00:36.2295338Z ##[error]src/components/__tests__/ActivityFeed.test.tsx(306,32): error TS2339: Property 'activity_data' does not exist on type 'MockActivity'.
2025-08-20T16:00:36.2296814Z ##[error]src/components/__tests__/ActivityFeed.test.tsx(313,9): error TS2322: Type 'MockActivity[]' is not assignable to type 'Activity[]'.
2025-08-20T16:00:36.2298129Z   Type 'MockActivity' is missing the following properties from type 'Activity': activity_type, activity_data
2025-08-20T16:00:36.2299184Z ##[error]src/components/__tests__/ActivityFeed.test.tsx(389,9): error TS2322: Type 'MockActivity[]' is not assignable to type 'Activity[]'.
2025-08-20T16:00:36.2300357Z   Type 'MockActivity' is missing the following properties from type 'Activity': activity_type, activity_data
2025-08-20T16:00:36.2301315Z ##[error]src/contexts/__tests__/AuthContext.test.tsx(643,31): error TS2339: Property 'full_name' does not exist on type 'User'.
2025-08-20T16:00:36.2303107Z ##[error]src/navigation/AuthNavigator.tsx(15,34): error TS2322: Type 'FC<LoginScreenProps>' is not assignable to type 'ScreenComponentType<AuthStackParamList, "Login"> | undefined'.
2025-08-20T16:00:36.2304367Z   Type 'FunctionComponent<LoginScreenProps>' is not assignable to type 'FunctionComponent<{}>'.
2025-08-20T16:00:36.2305026Z     Property 'onNavigateToRegister' is missing in type '{}' but required in type 'LoginScreenProps'.
2025-08-20T16:00:36.2306029Z ##[error]src/screens/AdjustmentFormScreen.tsx(186,38): error TS2339: Property 'balance' does not exist on type 'ChildWithChores'.
2025-08-20T16:00:36.2307484Z ##[error]src/screens/AdjustmentsListScreen.tsx(190,31): error TS2339: Property 'balance' does not exist on type 'ChildWithChores'.
2025-08-20T16:00:36.2309023Z ##[error]src/screens/ChildDetailScreen.tsx(232,50): error TS18047: 'chore.min_reward' is possibly 'null'.
2025-08-20T16:00:36.2310253Z ##[error]src/screens/ChildDetailScreen.tsx(232,85): error TS18047: 'chore.max_reward' is possibly 'null'.
2025-08-20T16:00:36.2311896Z ##[error]src/screens/ChoresManagementScreen.tsx(207,29): error TS2345: Argument of type 'number | null | undefined' is not assignable to parameter of type 'number | null'.
2025-08-20T16:00:36.2312997Z   Type 'undefined' is not assignable to type 'number | null'.
2025-08-20T16:00:36.2314016Z ##[error]src/screens/ChoresManagementScreen.tsx(216,13): error TS2322: Type 'boolean | "" | null | undefined' is not assignable to type 'boolean | undefined'.
2025-08-20T16:00:36.2315247Z   Type 'null' is not assignable to type 'boolean | undefined'.
2025-08-20T16:00:36.2316264Z ##[error]src/screens/ChoresManagementScreen.tsx(236,13): error TS2322: Type 'boolean | "" | null | undefined' is not assignable to type 'boolean | undefined'.
2025-08-20T16:00:36.2317448Z   Type 'null' is not assignable to type 'boolean | undefined'.
2025-08-20T16:00:36.2318359Z ##[error]src/screens/ChoresScreen.tsx(138,29): error TS18047: 'chore.min_reward' is possibly 'null'.
2025-08-20T16:00:36.2319587Z ##[error]src/screens/ChoresScreen.tsx(138,59): error TS18047: 'chore.max_reward' is possibly 'null'.
2025-08-20T16:00:36.2321304Z ##[error]src/screens/StatisticsScreen.tsx(95,37): error TS2345: Argument of type 'WeeklyDataPoint[] | MonthlyDataPoint[]' is not assignable to parameter of type 'WeeklyDataPoint[]'.
2025-08-20T16:00:36.2322474Z   Type 'MonthlyDataPoint[]' is not assignable to type 'WeeklyDataPoint[]'.
2025-08-20T16:00:36.2323111Z     Type 'MonthlyDataPoint' is missing the following properties from type 'WeeklyDataPoint': week_start, week_end
2025-08-20T16:00:36.2324498Z ##[error]src/screens/StatisticsScreen.tsx(96,39): error TS2345: Argument of type 'WeeklyDataPoint[] | MonthlyDataPoint[]' is not assignable to parameter of type 'MonthlyDataPoint[]'.
2025-08-20T16:00:36.2325684Z   Type 'WeeklyDataPoint[]' is not assignable to type 'MonthlyDataPoint[]'.
2025-08-20T16:00:36.2326324Z     Type 'WeeklyDataPoint' is missing the following properties from type 'MonthlyDataPoint': month, year, month_number
2025-08-20T16:00:36.2327515Z ##[error]src/screens/StatisticsScreen.tsx(144,46): error TS2339: Property 'average_per_week' does not exist on type 'WeeklySummary | MonthlySummary'.
2025-08-20T16:00:36.2328829Z   Property 'average_per_week' does not exist on type 'MonthlySummary'.
2025-08-20T16:00:36.2329906Z ##[error]src/screens/StatisticsScreen.tsx(144,84): error TS2339: Property 'average_per_month' does not exist on type 'WeeklySummary | MonthlySummary'.
2025-08-20T16:00:36.2330996Z   Property 'average_per_month' does not exist on type 'WeeklySummary'.
2025-08-20T16:00:36.2332108Z ##[error]src/screens/__tests__/ChoresScreen.test.tsx(10,10): error TS2459: Module '"../../contexts/AuthContext"' declares 'AuthContext' locally, but it is not exported.
2025-08-20T16:00:36.2333877Z ##[error]src/screens/__tests__/ChoresScreen.test.tsx(81,3): error TS2353: Object literal may only specify known properties, and 'role' does not exist in type 'User'.
2025-08-20T16:00:36.2335672Z ##[error]src/screens/__tests__/ChoresScreen.test.tsx(101,3): error TS2353: Object literal may only specify known properties, and 'updated_at' does not exist in type 'Chore'.
2025-08-20T16:00:36.2337445Z ##[error]src/screens/__tests__/ChoresScreen.test.tsx(132,52): error TS2345: Argument of type 'undefined' is not assignable to parameter of type 'Chore | Promise<Chore>'.
2025-08-20T16:00:36.2339406Z ##[error]src/screens/__tests__/ChoresScreen.test.tsx(133,51): error TS2345: Argument of type 'undefined' is not assignable to parameter of type 'Chore | Promise<Chore>'.
2025-08-20T16:00:36.2341244Z ##[error]src/screens/__tests__/ChoresScreen.test.tsx(138,43): error TS2353: Object literal may only specify known properties, and 'role' does not exist in type 'Partial<User>'.
2025-08-20T16:00:36.2343067Z ##[error]src/screens/__tests__/ChoresScreen.test.tsx(151,42): error TS2353: Object literal may only specify known properties, and 'role' does not exist in type 'Partial<User>'.
2025-08-20T16:00:36.2344890Z ##[error]src/screens/__tests__/ChoresScreen.test.tsx(167,42): error TS2353: Object literal may only specify known properties, and 'role' does not exist in type 'Partial<User>'.
2025-08-20T16:00:36.2346743Z ##[error]src/screens/__tests__/ChoresScreen.test.tsx(181,42): error TS2353: Object literal may only specify known properties, and 'role' does not exist in type 'Partial<User>'.
2025-08-20T16:00:36.2348760Z ##[error]src/screens/__tests__/ChoresScreen.test.tsx(199,42): error TS2353: Object literal may only specify known properties, and 'role' does not exist in type 'Partial<User>'.
2025-08-20T16:00:36.2350796Z ##[error]src/screens/__tests__/ChoresScreen.test.tsx(220,42): error TS2353: Object literal may only specify known properties, and 'role' does not exist in type 'Partial<User>'.
2025-08-20T16:00:36.2352775Z ##[error]src/screens/__tests__/ChoresScreen.test.tsx(242,49): error TS2353: Object literal may only specify known properties, and 'role' does not exist in type 'Partial<User>'.
2025-08-20T16:00:36.2354582Z ##[error]src/screens/__tests__/ChoresScreen.test.tsx(271,49): error TS2353: Object literal may only specify known properties, and 'role' does not exist in type 'Partial<User>'.
2025-08-20T16:00:36.2356382Z ##[error]src/screens/__tests__/ChoresScreen.test.tsx(298,42): error TS2353: Object literal may only specify known properties, and 'role' does not exist in type 'Partial<User>'.
2025-08-20T16:00:36.2358372Z ##[error]src/screens/__tests__/ChoresScreen.test.tsx(311,42): error TS2353: Object literal may only specify known properties, and 'role' does not exist in type 'Partial<User>'.
2025-08-20T16:00:36.2360270Z ##[error]src/screens/__tests__/ChoresScreen.test.tsx(326,42): error TS2353: Object literal may only specify known properties, and 'role' does not exist in type 'Partial<User>'.
2025-08-20T16:00:36.2362092Z ##[error]src/screens/__tests__/ChoresScreen.test.tsx(357,42): error TS2353: Object literal may only specify known properties, and 'role' does not exist in type 'Partial<User>'.
2025-08-20T16:00:36.2363901Z ##[error]src/screens/__tests__/ChoresScreen.test.tsx(384,42): error TS2353: Object literal may only specify known properties, and 'role' does not exist in type 'Partial<User>'.
2025-08-20T16:00:36.2365709Z ##[error]src/screens/__tests__/ChoresScreen.test.tsx(416,42): error TS2353: Object literal may only specify known properties, and 'role' does not exist in type 'Partial<User>'.
2025-08-20T16:00:36.2367503Z ##[error]src/screens/__tests__/ChoresScreen.test.tsx(450,42): error TS2353: Object literal may only specify known properties, and 'role' does not exist in type 'Partial<User>'.
2025-08-20T16:00:36.2369773Z ##[error]src/screens/__tests__/ChoresScreen.test.tsx(461,24): error TS7053: Element implicitly has an 'any' type because expression of type '1' can't be used to index type 'AlertButton[] | ((text: string) => void)'.
2025-08-20T16:00:36.2371021Z   Property '1' does not exist on type 'AlertButton[] | ((text: string) => void)'.
2025-08-20T16:00:36.2372426Z ##[error]src/screens/__tests__/ChoresScreen.test.tsx(461,38): error TS7053: Element implicitly has an 'any' type because expression of type '1' can't be used to index type 'AlertButton[] | ((text: string) => void)'.
2025-08-20T16:00:36.2373658Z   Property '1' does not exist on type 'AlertButton[] | ((text: string) => void)'.
2025-08-20T16:00:36.2375026Z ##[error]src/screens/__tests__/ChoresScreen.test.tsx(462,11): error TS7053: Element implicitly has an 'any' type because expression of type '1' can't be used to index type 'AlertButton[] | ((text: string) => void)'.
2025-08-20T16:00:36.2376255Z   Property '1' does not exist on type 'AlertButton[] | ((text: string) => void)'.
2025-08-20T16:00:36.2377428Z ##[error]src/screens/__tests__/ChoresScreen.test.tsx(482,42): error TS2353: Object literal may only specify known properties, and 'role' does not exist in type 'Partial<User>'.
2025-08-20T16:00:36.2379483Z ##[error]src/screens/__tests__/ChoresScreen.test.tsx(514,42): error TS2353: Object literal may only specify known properties, and 'role' does not exist in type 'Partial<User>'.
2025-08-20T16:00:36.2381305Z ##[error]src/screens/__tests__/ChoresScreen.test.tsx(539,42): error TS2353: Object literal may only specify known properties, and 'role' does not exist in type 'Partial<User>'.
2025-08-20T16:00:36.2383122Z ##[error]src/screens/__tests__/ChoresScreen.test.tsx(560,42): error TS2353: Object literal may only specify known properties, and 'role' does not exist in type 'Partial<User>'.
2025-08-20T16:00:36.2385120Z ##[error]src/screens/__tests__/ChoresScreen.test.tsx(581,42): error TS2353: Object literal may only specify known properties, and 'role' does not exist in type 'Partial<User>'.
2025-08-20T16:00:36.2386938Z ##[error]src/screens/__tests__/ChoresScreen.test.tsx(603,42): error TS2353: Object literal may only specify known properties, and 'role' does not exist in type 'Partial<User>'.
2025-08-20T16:00:36.2389147Z ##[error]src/screens/__tests__/ChoresScreen.test.tsx(637,49): error TS2353: Object literal may only specify known properties, and 'role' does not exist in type 'Partial<User>'.
2025-08-20T16:00:36.2390972Z ##[error]src/screens/__tests__/ChoresScreen.test.tsx(677,42): error TS2353: Object literal may only specify known properties, and 'role' does not exist in type 'Partial<User>'.
2025-08-20T16:00:36.2392775Z ##[error]src/screens/__tests__/ChoresScreen.test.tsx(689,43): error TS2353: Object literal may only specify known properties, and 'role' does not exist in type 'Partial<User>'.
2025-08-20T16:00:36.2394540Z ##[error]src/screens/__tests__/LoginScreen.test.tsx(10,10): error TS2459: Module '"../../contexts/AuthContext"' declares 'AuthContext' locally, but it is not exported.
2025-08-20T16:00:36.2396168Z ##[error]src/test-utils/IntegrationTestWrapper.tsx(7,22): error TS2307: Cannot find module '../types/User' or its corresponding type declarations.
2025-08-20T16:00:36.2397996Z ##[error]src/test-utils/mocks.ts(6,10): error TS2459: Module '"@/contexts/AuthContext"' declares 'AuthContextType' locally, but it is not exported.
2025-08-20T16:00:36.2399767Z ##[error]src/test-utils/renderWithProviders.tsx(8,24): error TS2459: Module '"@/contexts/AuthContext"' declares 'AuthContextType' locally, but it is not exported.
2025-08-20T16:00:36.2514193Z ⚠️  TypeScript compilation errors found
2025-08-20T16:00:36.2514703Z Note: CI will continue, but these should be fixed for production readiness
2025-08-20T16:00:36.2515132Z See the logs above for specific error details
